[2m14:41:07[22m [31m[1m[vite][22m[39m [31mInternal server error: Failed to resolve import "echarts" from "src/components/PotentialView.vue". Does the file exist?[39m
  Plugin: [35mvite:import-analysis[39m
  File: [36mC:/z7z8/实训/shixun/frontend/src/components/PotentialView.vue[39m:3:28
[33m  1  |  import { ref, computed, watch, onMounted, onUnmounted, nextTick } from 'vue'
  2  |  import * as echarts from 'echarts'
     |                             ^
  3  |  import { marked } from 'marked'
  4  |  [39m
      at TransformPluginContext._formatError (file:///C:/z7z8/%E5%AE%9E%E8%AE%AD/shixun/frontend/node_modules/vite/dist/node/chunks/dep-BK3b2jBa.js:49258:41)
      at TransformPluginContext.error (file:///C:/z7z8/%E5%AE%9E%E8%AE%AD/shixun/frontend/node_modules/vite/dist/node/chunks/dep-BK3b2jBa.js:49253:16)
      at normalizeUrl (file:///C:/z7z8/%E5%AE%9E%E8%AE%AD/shixun/frontend/node_modules/vite/dist/node/chunks/dep-BK3b2jBa.js:64307:23)
      at async file:///C:/z7z8/%E5%AE%9E%E8%AE%AD/shixun/frontend/node_modules/vite/dist/node/chunks/dep-BK3b2jBa.js:64439:39
      at async Promise.all (index 1)
      at async TransformPluginContext.transform (file:///C:/z7z8/%E5%AE%9E%E8%AE%AD/shixun/frontend/node_modules/vite/dist/node/chunks/dep-BK3b2jBa.js:64366:7)
      at async PluginContainer.transform (file:///C:/z7z8/%E5%AE%9E%E8%AE%AD/shixun/frontend/node_modules/vite/dist/node/chunks/dep-BK3b2jBa.js:49099:18)
      at async loadAndTransform (file:///C:/z7z8/%E5%AE%9E%E8%AE%AD/shixun/frontend/node_modules/vite/dist/node/chunks/dep-BK3b2jBa.js:51978:27)
      at async viteTransformMiddleware (file:///C:/z7z8/%E5%AE%9E%E8%AE%AD/shixun/frontend/node_modules/vite/dist/node/chunks/dep-BK3b2jBa.js:62106:24)
[2m14:41:07[22m [31m[1m[vite][22m[39m Pre-transform error: Failed to resolve import "echarts" from "src/components/PotentialView.vue". Does the file exist?
[2m14:41:07[22m [31m[1m[vite][22m[39m [31mInternal server error: Failed to resolve import "echarts" from "src/components/PotentialView.vue". Does the file exist?[39m
  Plugin: [35mvite:import-analysis[39m
  File: [36mC:/z7z8/实训/shixun/frontend/src/components/PotentialView.vue[39m:3:28
[33m  1  |  import { ref, computed, watch, onMounted, onUnmounted, nextTick } from 'vue'
  2  |  import * as echarts from 'echarts'
     |                             ^
  3  |  import { marked } from 'marked'
  4  |  [39m
      at TransformPluginContext._formatError (file:///C:/z7z8/%E5%AE%9E%E8%AE%AD/shixun/frontend/node_modules/vite/dist/node/chunks/dep-BK3b2jBa.js:49258:41)
      at TransformPluginContext.error (file:///C:/z7z8/%E5%AE%9E%E8%AE%AD/shixun/frontend/node_modules/vite/dist/node/chunks/dep-BK3b2jBa.js:49253:16)
      at normalizeUrl (file:///C:/z7z8/%E5%AE%9E%E8%AE%AD/shixun/frontend/node_modules/vite/dist/node/chunks/dep-BK3b2jBa.js:64307:23)
      at async file:///C:/z7z8/%E5%AE%9E%E8%AE%AD/shixun/frontend/node_modules/vite/dist/node/chunks/dep-BK3b2jBa.js:64439:39
      at async Promise.all (index 1)
      at async TransformPluginContext.transform (file:///C:/z7z8/%E5%AE%9E%E8%AE%AD/shixun/frontend/node_modules/vite/dist/node/chunks/dep-BK3b2jBa.js:64366:7)
      at async PluginContainer.transform (file:///C:/z7z8/%E5%AE%9E%E8%AE%AD/shixun/frontend/node_modules/vite/dist/node/chunks/dep-BK3b2jBa.js:49099:18)
      at async loadAndTransform (file:///C:/z7z8/%E5%AE%9E%E8%AE%AD/shixun/frontend/node_modules/vite/dist/node/chunks/dep-BK3b2jBa.js:51978:27)
[2m14:41:07[22m [31m[1m[vite][22m[39m Pre-transform error: Failed to resolve import "echarts" from "src/components/PotentialView.vue". Does the file exist?
[2m14:41:07[22m [31m[1m[vite][22m[39m Pre-transform error: Failed to resolve import "echarts" from "src/components/PotentialView.vue". Does the file exist?
[2m14:41:08[22m [31m[1m[vite][22m[39m [31mInternal server error: Failed to resolve import "echarts" from "src/components/PotentialView.vue". Does the file exist?[39m
  Plugin: [35mvite:import-analysis[39m
  File: [36mC:/z7z8/实训/shixun/frontend/src/components/PotentialView.vue[39m:3:28
[33m  1  |  import { ref, computed, watch, onMounted, onUnmounted, nextTick } from 'vue'
  2  |  import * as echarts from 'echarts'
     |                             ^
  3  |  import { marked } from 'marked'
  4  |  [39m
      at TransformPluginContext._formatError (file:///C:/z7z8/%E5%AE%9E%E8%AE%AD/shixun/frontend/node_modules/vite/dist/node/chunks/dep-BK3b2jBa.js:49258:41)
      at TransformPluginContext.error (file:///C:/z7z8/%E5%AE%9E%E8%AE%AD/shixun/frontend/node_modules/vite/dist/node/chunks/dep-BK3b2jBa.js:49253:16)
      at normalizeUrl (file:///C:/z7z8/%E5%AE%9E%E8%AE%AD/shixun/frontend/node_modules/vite/dist/node/chunks/dep-BK3b2jBa.js:64307:23)
      at async file:///C:/z7z8/%E5%AE%9E%E8%AE%AD/shixun/frontend/node_modules/vite/dist/node/chunks/dep-BK3b2jBa.js:64439:39
      at async Promise.all (index 1)
      at async TransformPluginContext.transform (file:///C:/z7z8/%E5%AE%9E%E8%AE%AD/shixun/frontend/node_modules/vite/dist/node/chunks/dep-BK3b2jBa.js:64366:7)
      at async PluginContainer.transform (file:///C:/z7z8/%E5%AE%9E%E8%AE%AD/shixun/frontend/node_modules/vite/dist/node/chunks/dep-BK3b2jBa.js:49099:18)
      at async loadAndTransform (file:///C:/z7z8/%E5%AE%9E%E8%AE%AD/shixun/frontend/node_modules/vite/dist/node/chunks/dep-BK3b2jBa.js:51978:27)
      at async viteTransformMiddleware (file:///C:/z7z8/%E5%AE%9E%E8%AE%AD/shixun/frontend/node_modules/vite/dist/node/chunks/dep-BK3b2jBa.js:62106:24)
