0 verbose cli D:\Develop\Nodejs\node.exe D:\Develop\Nodejs\node_modules\npm\bin\npm-cli.js
1 info using npm@10.9.8
2 info using node@v22.23.0
3 silly config load:file:D:\Develop\Nodejs\node_modules\npm\npmrc
4 silly config load:file:C:\Users\lenovo\AppData\Local\Microsoft\TypeScript\6.0\.npmrc
5 silly config load:file:C:\Users\lenovo\.npmrc
6 silly config load:file:D:\Develop\Nodejs\node_global\etc\npmrc
7 verbose title npm install types-registry@latest
8 verbose argv "install" "--ignore-scripts" "types-registry@latest"
9 verbose logfile logs-max:10 dir:D:\Shixun\shixun\frontend\.npm-cache\_logs\2026-07-13T01_32_04_623Z-
10 verbose logfile D:\Shixun\shixun\frontend\.npm-cache\_logs\2026-07-13T01_32_04_623Z-debug-0.log
11 silly logfile start cleaning logs, removing 1 files
12 silly packumentCache heap:4345298944 maxSize:1086324736 maxEntrySize:543162368
13 silly logfile done cleaning log files
14 silly packumentCache corgi:https://registry.npmjs.org/types-registry cache-miss
15 http fetch GET 200 https://registry.npmjs.org/types-registry 1591ms (cache miss)
16 silly packumentCache corgi:https://registry.npmjs.org/types-registry set size:undefined disposed:false
17 silly idealTree buildDeps
18 silly fetch manifest types-registry@0.1.778
19 silly packumentCache full:https://registry.npmjs.org/types-registry cache-miss
20 http fetch GET 200 https://registry.npmjs.org/types-registry 475ms (cache miss)
21 silly packumentCache full:https://registry.npmjs.org/types-registry set size:undefined disposed:false
22 silly placeDep ROOT types-registry@0.1.778 REPLACE for:  want: 0.1.778
23 silly reify mark retired [
23 silly reify   'C:\\Users\\lenovo\\AppData\\Local\\Microsoft\\TypeScript\\6.0\\node_modules\\types-registry'
23 silly reify ]
24 silly reify moves {
24 silly reify   'C:\\Users\\lenovo\\AppData\\Local\\Microsoft\\TypeScript\\6.0\\node_modules\\types-registry': 'C:\\Users\\lenovo\\AppData\\Local\\Microsoft\\TypeScript\\6.0\\node_modules\\.types-registry-R1IQQVrH'
24 silly reify }
25 silly audit bulk request {
25 silly audit   '@types/node': [ '26.1.1' ],
25 silly audit   '@types/qrcode': [ '1.5.6' ],
25 silly audit   '@types/react': [ '19.2.14' ],
25 silly audit   csstype: [ '3.2.3' ],
25 silly audit   'undici-types': [ '8.3.0' ],
25 silly audit   'types-registry': [ '0.1.778' ]
25 silly audit }
26 http cache types-registry@https://registry.npmjs.org/types-registry/-/types-registry-0.1.778.tgz 0ms (cache hit)
27 silly tarball no local data for types-registry@https://registry.npmjs.org/types-registry/-/types-registry-0.1.778.tgz. Extracting by manifest.
28 http fetch POST 200 https://registry.npmjs.org/-/npm/v1/security/advisories/bulk 233ms
29 silly audit report {}
30 http fetch GET 200 https://registry.npmjs.org/types-registry/-/types-registry-0.1.778.tgz 1459ms (cache miss)
31 silly CHANGE node_modules/types-registry
32 verbose cwd C:\Users\lenovo\AppData\Local\Microsoft\TypeScript\6.0
33 verbose os Windows_NT 10.0.22631
34 verbose node v22.23.0
35 verbose npm  v10.9.8
36 verbose exit 0
37 info ok
