0 verbose cli D:\Develop\Nodejs\node.exe D:\Develop\Nodejs\node_modules\npm\bin\npm-cli.js
1 info using npm@10.9.8
2 info using node@v22.23.0
3 silly config load:file:D:\Develop\Nodejs\node_modules\npm\npmrc
4 silly config load:file:D:\Shixun\shixun\frontend\.npmrc
5 silly config load:file:C:\Users\lenovo\.npmrc
6 silly config load:file:D:\Develop\Nodejs\node_global\etc\npmrc
7 verbose title npm install
8 verbose argv "install" "--cache" ".npm-cache"
9 verbose logfile logs-max:10 dir:D:\Shixun\shixun\frontend\.npm-cache\_logs\2026-07-08T07_36_20_555Z-
10 verbose logfile D:\Shixun\shixun\frontend\.npm-cache\_logs\2026-07-08T07_36_20_555Z-debug-0.log
11 silly logfile done cleaning log files
12 silly packumentCache heap:4345298944 maxSize:1086324736 maxEntrySize:543162368
13 silly idealTree buildDeps
14 silly fetch manifest vue@^3.5.0
15 silly packumentCache full:https://registry.npmmirror.com/vue cache-miss
16 http fetch GET 200 https://registry.npmmirror.com/npm 311ms
17 http fetch GET 200 https://registry.npmmirror.com/vue 754ms (cache miss)
18 silly packumentCache full:https://registry.npmmirror.com/vue set size:377323 disposed:false
19 silly fetch manifest typescript@*
20 silly packumentCache full:https://registry.npmmirror.com/typescript cache-miss
21 http fetch GET 200 https://registry.npmmirror.com/typescript 623ms (cache miss)
22 silly packumentCache full:https://registry.npmmirror.com/typescript set size:1687175 disposed:false
23 silly fetch manifest @vitejs/plugin-vue@^5.1.0
24 silly packumentCache full:https://registry.npmmirror.com/@vitejs%2fplugin-vue cache-miss
25 http fetch GET 200 https://registry.npmmirror.com/@vitejs%2fplugin-vue 182ms (cache miss)
26 silly packumentCache full:https://registry.npmmirror.com/@vitejs%2fplugin-vue set size:78917 disposed:false
27 silly fetch manifest vite@^5.4.0
28 silly packumentCache full:https://registry.npmmirror.com/vite cache-miss
29 http fetch GET 200 https://registry.npmmirror.com/vite 5274ms (cache miss)
30 silly packumentCache full:https://registry.npmmirror.com/vite set size:6244378 disposed:false
31 silly fetch manifest @types/node@^18.0.0 || >=20.0.0
32 silly packumentCache full:https://registry.npmmirror.com/@types%2fnode cache-miss
33 http fetch GET 200 https://registry.npmmirror.com/@types%2fnode 990ms (cache miss)
34 silly packumentCache full:https://registry.npmmirror.com/@types%2fnode set size:1166152 disposed:false
35 silly fetch manifest less@*
36 silly packumentCache full:https://registry.npmmirror.com/less cache-miss
37 http fetch GET 200 https://registry.npmmirror.com/less 82ms (cache miss)
38 silly packumentCache full:https://registry.npmmirror.com/less set size:53662 disposed:false
39 silly fetch manifest lightningcss@^1.21.0
40 silly packumentCache full:https://registry.npmmirror.com/lightningcss cache-miss
41 http fetch GET 200 https://registry.npmmirror.com/lightningcss 78ms (cache miss)
42 silly packumentCache full:https://registry.npmmirror.com/lightningcss set size:32241 disposed:false
43 silly fetch manifest sass@*
44 silly packumentCache full:https://registry.npmmirror.com/sass cache-miss
45 http fetch GET 200 https://registry.npmmirror.com/sass 198ms (cache miss)
46 silly packumentCache full:https://registry.npmmirror.com/sass set size:126364 disposed:false
47 silly fetch manifest sass-embedded@*
48 silly packumentCache full:https://registry.npmmirror.com/sass-embedded cache-miss
49 http fetch GET 200 https://registry.npmmirror.com/sass-embedded 138ms (cache miss)
50 silly packumentCache full:https://registry.npmmirror.com/sass-embedded set size:75560 disposed:false
51 silly fetch manifest stylus@*
52 silly packumentCache full:https://registry.npmmirror.com/stylus cache-miss
53 http fetch GET 200 https://registry.npmmirror.com/stylus 131ms (cache miss)
54 silly packumentCache full:https://registry.npmmirror.com/stylus set size:65242 disposed:false
55 silly fetch manifest sugarss@*
56 silly packumentCache full:https://registry.npmmirror.com/sugarss cache-miss
57 http fetch GET 200 https://registry.npmmirror.com/sugarss 69ms (cache miss)
58 silly packumentCache full:https://registry.npmmirror.com/sugarss set size:8151 disposed:false
59 silly fetch manifest postcss@^8.3.3
60 silly packumentCache full:https://registry.npmmirror.com/postcss cache-miss
61 http fetch GET 200 https://registry.npmmirror.com/postcss 172ms (cache miss)
62 silly packumentCache full:https://registry.npmmirror.com/postcss set size:99076 disposed:false
63 silly fetch manifest terser@^5.4.0
64 silly packumentCache full:https://registry.npmmirror.com/terser cache-miss
65 http fetch GET 200 https://registry.npmmirror.com/terser 146ms (cache miss)
66 silly packumentCache full:https://registry.npmmirror.com/terser set size:111481 disposed:false
67 silly placeDep ROOT @vitejs/plugin-vue@5.2.4 OK for: vue-frontend@0.0.1 want: ^5.1.0
68 silly placeDep ROOT vite@5.4.21 OK for: @vitejs/plugin-vue@5.2.4 want: ^5.0.0 || ^6.0.0
69 silly placeDep ROOT vue@3.5.39 OK for: @vitejs/plugin-vue@5.2.4 want: ^3.2.25
70 silly fetch manifest @vue/shared@3.5.39
71 silly packumentCache full:https://registry.npmmirror.com/@vue%2fshared cache-miss
72 silly fetch manifest @vue/runtime-dom@3.5.39
73 silly packumentCache full:https://registry.npmmirror.com/@vue%2fruntime-dom cache-miss
74 silly fetch manifest @vue/server-renderer@3.5.39
75 silly packumentCache full:https://registry.npmmirror.com/@vue%2fserver-renderer cache-miss
76 silly fetch manifest @vue/compiler-dom@3.5.39
77 silly packumentCache full:https://registry.npmmirror.com/@vue%2fcompiler-dom cache-miss
78 silly fetch manifest @vue/compiler-sfc@3.5.39
79 silly packumentCache full:https://registry.npmmirror.com/@vue%2fcompiler-sfc cache-miss
80 silly fetch manifest esbuild@^0.21.3
81 silly packumentCache full:https://registry.npmmirror.com/esbuild cache-miss
82 silly fetch manifest postcss@^8.4.43
83 silly packumentCache full:https://registry.npmmirror.com/postcss cache-hit
84 silly fetch manifest rollup@^4.20.0
85 silly packumentCache full:https://registry.npmmirror.com/rollup cache-miss
86 silly fetch manifest fsevents@~2.3.3
87 silly packumentCache full:https://registry.npmmirror.com/fsevents cache-miss
88 http fetch GET 200 https://registry.npmmirror.com/@vue%2fcompiler-dom 132ms (cache miss)
89 silly packumentCache full:https://registry.npmmirror.com/@vue%2fcompiler-dom set size:121330 disposed:false
90 http fetch GET 200 https://registry.npmmirror.com/@vue%2fserver-renderer 142ms (cache miss)
91 silly packumentCache full:https://registry.npmmirror.com/@vue%2fserver-renderer set size:121824 disposed:false
92 http fetch GET 200 https://registry.npmmirror.com/@vue%2fruntime-dom 170ms (cache miss)
93 silly packumentCache full:https://registry.npmmirror.com/@vue%2fruntime-dom set size:121581 disposed:false
94 http fetch GET 200 https://registry.npmmirror.com/fsevents 173ms (cache miss)
95 silly packumentCache full:https://registry.npmmirror.com/fsevents set size:16344 disposed:false
96 http fetch GET 200 https://registry.npmmirror.com/esbuild 245ms (cache miss)
97 silly packumentCache full:https://registry.npmmirror.com/esbuild set size:214167 disposed:false
98 http fetch GET 200 https://registry.npmmirror.com/@vue%2fcompiler-sfc 374ms (cache miss)
99 silly packumentCache full:https://registry.npmmirror.com/@vue%2fcompiler-sfc set size:169079 disposed:false
100 http fetch GET 200 https://registry.npmmirror.com/rollup 811ms (cache miss)
101 silly packumentCache full:https://registry.npmmirror.com/rollup set size:690001 disposed:false
102 http fetch GET 200 https://registry.npmmirror.com/@vue%2fshared 1411ms (cache miss)
103 silly packumentCache full:https://registry.npmmirror.com/@vue%2fshared set size:113865 disposed:false
104 silly placeDep ROOT esbuild@0.21.5 OK for: vite@5.4.21 want: ^0.21.3
105 silly placeDep ROOT fsevents@2.3.3 OK for: vite@5.4.21 want: ~2.3.3
106 silly placeDep ROOT postcss@8.5.16 OK for: vite@5.4.21 want: ^8.4.43
107 silly placeDep ROOT rollup@4.62.2 OK for: vite@5.4.21 want: ^4.20.0
108 silly fetch manifest @esbuild/aix-ppc64@0.21.5
109 silly packumentCache full:https://registry.npmmirror.com/@esbuild%2faix-ppc64 cache-miss
110 silly fetch manifest @esbuild/android-arm@0.21.5
111 silly packumentCache full:https://registry.npmmirror.com/@esbuild%2fandroid-arm cache-miss
112 silly fetch manifest @esbuild/android-arm64@0.21.5
113 silly packumentCache full:https://registry.npmmirror.com/@esbuild%2fandroid-arm64 cache-miss
114 silly fetch manifest @esbuild/android-x64@0.21.5
115 silly packumentCache full:https://registry.npmmirror.com/@esbuild%2fandroid-x64 cache-miss
116 silly fetch manifest @esbuild/darwin-arm64@0.21.5
117 silly packumentCache full:https://registry.npmmirror.com/@esbuild%2fdarwin-arm64 cache-miss
118 silly fetch manifest @esbuild/darwin-x64@0.21.5
119 silly packumentCache full:https://registry.npmmirror.com/@esbuild%2fdarwin-x64 cache-miss
120 silly fetch manifest @esbuild/freebsd-arm64@0.21.5
121 silly packumentCache full:https://registry.npmmirror.com/@esbuild%2ffreebsd-arm64 cache-miss
122 silly fetch manifest @esbuild/freebsd-x64@0.21.5
123 silly packumentCache full:https://registry.npmmirror.com/@esbuild%2ffreebsd-x64 cache-miss
124 silly fetch manifest @esbuild/linux-arm@0.21.5
125 silly packumentCache full:https://registry.npmmirror.com/@esbuild%2flinux-arm cache-miss
126 silly fetch manifest @esbuild/linux-arm64@0.21.5
127 silly packumentCache full:https://registry.npmmirror.com/@esbuild%2flinux-arm64 cache-miss
128 silly fetch manifest @esbuild/linux-ia32@0.21.5
129 silly packumentCache full:https://registry.npmmirror.com/@esbuild%2flinux-ia32 cache-miss
130 silly fetch manifest @esbuild/linux-loong64@0.21.5
131 silly packumentCache full:https://registry.npmmirror.com/@esbuild%2flinux-loong64 cache-miss
132 silly fetch manifest @esbuild/linux-mips64el@0.21.5
133 silly packumentCache full:https://registry.npmmirror.com/@esbuild%2flinux-mips64el cache-miss
134 silly fetch manifest @esbuild/linux-ppc64@0.21.5
135 silly packumentCache full:https://registry.npmmirror.com/@esbuild%2flinux-ppc64 cache-miss
136 silly fetch manifest @esbuild/linux-riscv64@0.21.5
137 silly packumentCache full:https://registry.npmmirror.com/@esbuild%2flinux-riscv64 cache-miss
138 silly fetch manifest @esbuild/linux-s390x@0.21.5
139 silly packumentCache full:https://registry.npmmirror.com/@esbuild%2flinux-s390x cache-miss
140 silly fetch manifest @esbuild/linux-x64@0.21.5
141 silly packumentCache full:https://registry.npmmirror.com/@esbuild%2flinux-x64 cache-miss
142 silly fetch manifest @esbuild/netbsd-x64@0.21.5
143 silly packumentCache full:https://registry.npmmirror.com/@esbuild%2fnetbsd-x64 cache-miss
144 silly fetch manifest @esbuild/openbsd-x64@0.21.5
145 silly packumentCache full:https://registry.npmmirror.com/@esbuild%2fopenbsd-x64 cache-miss
146 silly fetch manifest @esbuild/sunos-x64@0.21.5
147 silly packumentCache full:https://registry.npmmirror.com/@esbuild%2fsunos-x64 cache-miss
148 silly fetch manifest @esbuild/win32-arm64@0.21.5
149 silly packumentCache full:https://registry.npmmirror.com/@esbuild%2fwin32-arm64 cache-miss
150 silly fetch manifest @esbuild/win32-ia32@0.21.5
151 silly packumentCache full:https://registry.npmmirror.com/@esbuild%2fwin32-ia32 cache-miss
152 silly fetch manifest @esbuild/win32-x64@0.21.5
153 silly packumentCache full:https://registry.npmmirror.com/@esbuild%2fwin32-x64 cache-miss
154 silly fetch manifest nanoid@^3.3.12
155 silly packumentCache full:https://registry.npmmirror.com/nanoid cache-miss
156 silly fetch manifest picocolors@^1.1.1
157 silly packumentCache full:https://registry.npmmirror.com/picocolors cache-miss
158 silly fetch manifest source-map-js@^1.2.1
159 silly packumentCache full:https://registry.npmmirror.com/source-map-js cache-miss
160 silly fetch manifest @types/estree@1.0.9
161 silly packumentCache full:https://registry.npmmirror.com/@types%2festree cache-miss
162 silly fetch manifest @rollup/rollup-darwin-arm64@4.62.2
163 silly packumentCache full:https://registry.npmmirror.com/@rollup%2frollup-darwin-arm64 cache-miss
164 silly fetch manifest @rollup/rollup-android-arm64@4.62.2
165 silly packumentCache full:https://registry.npmmirror.com/@rollup%2frollup-android-arm64 cache-miss
166 silly fetch manifest @rollup/rollup-win32-arm64-msvc@4.62.2
167 silly packumentCache full:https://registry.npmmirror.com/@rollup%2frollup-win32-arm64-msvc cache-miss
168 silly fetch manifest @rollup/rollup-freebsd-arm64@4.62.2
169 silly packumentCache full:https://registry.npmmirror.com/@rollup%2frollup-freebsd-arm64 cache-miss
170 http fetch GET 200 https://registry.npmmirror.com/@esbuild%2fdarwin-arm64 57ms (cache miss)
171 silly packumentCache full:https://registry.npmmirror.com/@esbuild%2fdarwin-arm64 set size:60532 disposed:false
172 silly fetch manifest @rollup/rollup-linux-arm64-gnu@4.62.2
173 silly packumentCache full:https://registry.npmmirror.com/@rollup%2frollup-linux-arm64-gnu cache-miss
174 http fetch GET 200 https://registry.npmmirror.com/@esbuild%2faix-ppc64 61ms (cache miss)
175 silly packumentCache full:https://registry.npmmirror.com/@esbuild%2faix-ppc64 set size:15785 disposed:false
176 silly fetch manifest @rollup/rollup-linux-arm64-musl@4.62.2
177 silly packumentCache full:https://registry.npmmirror.com/@rollup%2frollup-linux-arm64-musl cache-miss
178 http fetch GET 200 https://registry.npmmirror.com/@esbuild%2fandroid-arm64 72ms (cache miss)
179 silly packumentCache full:https://registry.npmmirror.com/@esbuild%2fandroid-arm64 set size:60900 disposed:false
180 silly fetch manifest @rollup/rollup-android-arm-eabi@4.62.2
181 silly packumentCache full:https://registry.npmmirror.com/@rollup%2frollup-android-arm-eabi cache-miss
182 http fetch GET 200 https://registry.npmmirror.com/@esbuild%2fdarwin-x64 94ms (cache miss)
183 silly packumentCache full:https://registry.npmmirror.com/@esbuild%2fdarwin-x64 set size:60184 disposed:false
184 silly fetch manifest @rollup/rollup-linux-arm-gnueabihf@4.62.2
185 silly packumentCache full:https://registry.npmmirror.com/@rollup%2frollup-linux-arm-gnueabihf cache-miss
186 http fetch GET 200 https://registry.npmmirror.com/@esbuild%2fandroid-arm 100ms (cache miss)
187 silly packumentCache full:https://registry.npmmirror.com/@esbuild%2fandroid-arm set size:70421 disposed:false
188 silly fetch manifest @rollup/rollup-linux-arm-musleabihf@4.62.2
189 silly packumentCache full:https://registry.npmmirror.com/@rollup%2frollup-linux-arm-musleabihf cache-miss
190 http fetch GET 200 https://registry.npmmirror.com/@esbuild%2flinux-arm 102ms (cache miss)
191 silly packumentCache full:https://registry.npmmirror.com/@esbuild%2flinux-arm set size:59680 disposed:false
192 silly fetch manifest @rollup/rollup-win32-ia32-msvc@4.62.2
193 silly packumentCache full:https://registry.npmmirror.com/@rollup%2frollup-win32-ia32-msvc cache-miss
194 http fetch GET 200 https://registry.npmmirror.com/@esbuild%2flinux-x64 104ms (cache miss)
195 silly packumentCache full:https://registry.npmmirror.com/@esbuild%2flinux-x64 set size:60112 disposed:false
196 silly fetch manifest @rollup/rollup-linux-loong64-gnu@4.62.2
197 silly packumentCache full:https://registry.npmmirror.com/@rollup%2frollup-linux-loong64-gnu cache-miss
198 http fetch GET 200 https://registry.npmmirror.com/@esbuild%2ffreebsd-x64 115ms (cache miss)
199 silly packumentCache full:https://registry.npmmirror.com/@esbuild%2ffreebsd-x64 set size:60409 disposed:false
200 silly fetch manifest @rollup/rollup-linux-loong64-musl@4.62.2
201 silly packumentCache full:https://registry.npmmirror.com/@rollup%2frollup-linux-loong64-musl cache-miss
202 http fetch GET 200 https://registry.npmmirror.com/@esbuild%2fnetbsd-x64 116ms (cache miss)
203 silly packumentCache full:https://registry.npmmirror.com/@esbuild%2fnetbsd-x64 set size:60463 disposed:false
204 silly fetch manifest @rollup/rollup-linux-riscv64-gnu@4.62.2
205 silly packumentCache full:https://registry.npmmirror.com/@rollup%2frollup-linux-riscv64-gnu cache-miss
206 http fetch GET 200 https://registry.npmmirror.com/@esbuild%2flinux-s390x 119ms (cache miss)
207 silly packumentCache full:https://registry.npmmirror.com/@esbuild%2flinux-s390x set size:60325 disposed:false
208 silly fetch manifest @rollup/rollup-linux-riscv64-musl@4.62.2
209 silly packumentCache full:https://registry.npmmirror.com/@rollup%2frollup-linux-riscv64-musl cache-miss
210 http fetch GET 200 https://registry.npmmirror.com/@esbuild%2fandroid-x64 127ms (cache miss)
211 silly packumentCache full:https://registry.npmmirror.com/@esbuild%2fandroid-x64 set size:60271 disposed:false
212 silly fetch manifest @rollup/rollup-linux-ppc64-gnu@4.62.2
213 silly packumentCache full:https://registry.npmmirror.com/@rollup%2frollup-linux-ppc64-gnu cache-miss
214 http fetch GET 200 https://registry.npmmirror.com/@esbuild%2flinux-riscv64 144ms (cache miss)
215 silly packumentCache full:https://registry.npmmirror.com/@esbuild%2flinux-riscv64 set size:60289 disposed:false
216 silly fetch manifest @rollup/rollup-linux-ppc64-musl@4.62.2
217 silly packumentCache full:https://registry.npmmirror.com/@rollup%2frollup-linux-ppc64-musl cache-miss
218 http fetch GET 200 https://registry.npmmirror.com/@esbuild%2fopenbsd-x64 149ms (cache miss)
219 silly packumentCache full:https://registry.npmmirror.com/@esbuild%2fopenbsd-x64 set size:60346 disposed:false
220 silly fetch manifest @rollup/rollup-linux-s390x-gnu@4.62.2
221 silly packumentCache full:https://registry.npmmirror.com/@rollup%2frollup-linux-s390x-gnu cache-miss
222 http fetch GET 200 https://registry.npmmirror.com/@esbuild%2flinux-loong64 155ms (cache miss)
223 silly packumentCache full:https://registry.npmmirror.com/@esbuild%2flinux-loong64 set size:79758 disposed:false
224 silly fetch manifest @rollup/rollup-darwin-x64@4.62.2
225 silly packumentCache full:https://registry.npmmirror.com/@rollup%2frollup-darwin-x64 cache-miss
226 http fetch GET 200 https://registry.npmmirror.com/picocolors 161ms (cache miss)
227 silly packumentCache full:https://registry.npmmirror.com/picocolors set size:4040 disposed:false
228 silly fetch manifest @rollup/rollup-win32-x64-gnu@4.62.2
229 silly packumentCache full:https://registry.npmmirror.com/@rollup%2frollup-win32-x64-gnu cache-miss
230 http fetch GET 200 https://registry.npmmirror.com/nanoid 167ms (cache miss)
231 silly packumentCache full:https://registry.npmmirror.com/nanoid set size:52129 disposed:false
232 silly fetch manifest @rollup/rollup-win32-x64-msvc@4.62.2
233 silly packumentCache full:https://registry.npmmirror.com/@rollup%2frollup-win32-x64-msvc cache-miss
234 http fetch GET 200 https://registry.npmmirror.com/@types%2festree 174ms (cache miss)
235 silly packumentCache full:https://registry.npmmirror.com/@types%2festree set size:16478 disposed:false
236 silly fetch manifest @rollup/rollup-freebsd-x64@4.62.2
237 silly packumentCache full:https://registry.npmmirror.com/@rollup%2frollup-freebsd-x64 cache-miss
238 http fetch GET 200 https://registry.npmmirror.com/@esbuild%2fsunos-x64 177ms (cache miss)
239 silly packumentCache full:https://registry.npmmirror.com/@esbuild%2fsunos-x64 set size:60322 disposed:false
240 silly fetch manifest @rollup/rollup-linux-x64-gnu@4.62.2
241 silly packumentCache full:https://registry.npmmirror.com/@rollup%2frollup-linux-x64-gnu cache-miss
242 http fetch GET 200 https://registry.npmmirror.com/@esbuild%2fwin32-ia32 177ms (cache miss)
243 silly packumentCache full:https://registry.npmmirror.com/@esbuild%2fwin32-ia32 set size:60821 disposed:false
244 silly fetch manifest @rollup/rollup-linux-x64-musl@4.62.2
245 silly packumentCache full:https://registry.npmmirror.com/@rollup%2frollup-linux-x64-musl cache-miss
246 http fetch GET 200 https://registry.npmmirror.com/@rollup%2frollup-darwin-arm64 472ms (cache miss)
247 silly packumentCache full:https://registry.npmmirror.com/@rollup%2frollup-darwin-arm64 set size:71201 disposed:false
248 silly fetch manifest @rollup/rollup-openbsd-x64@4.62.2
249 silly packumentCache full:https://registry.npmmirror.com/@rollup%2frollup-openbsd-x64 cache-miss
250 http fetch GET 200 https://registry.npmmirror.com/@rollup%2frollup-win32-arm64-msvc 488ms (cache miss)
251 silly packumentCache full:https://registry.npmmirror.com/@rollup%2frollup-win32-arm64-msvc set size:71724 disposed:false
252 silly fetch manifest @rollup/rollup-openharmony-arm64@4.62.2
253 silly packumentCache full:https://registry.npmmirror.com/@rollup%2frollup-openharmony-arm64 cache-miss
254 http fetch GET 200 https://registry.npmmirror.com/@rollup%2frollup-linux-arm64-musl 506ms (cache miss)
255 silly packumentCache full:https://registry.npmmirror.com/@rollup%2frollup-linux-arm64-musl set size:62572 disposed:false
256 http fetch GET 200 https://registry.npmmirror.com/@rollup%2frollup-linux-arm-gnueabihf 511ms (cache miss)
257 silly packumentCache full:https://registry.npmmirror.com/@rollup%2frollup-linux-arm-gnueabihf set size:71969 disposed:false
258 http fetch GET 200 https://registry.npmmirror.com/@esbuild%2fwin32-x64 622ms (cache miss)
259 silly packumentCache full:https://registry.npmmirror.com/@esbuild%2fwin32-x64 set size:60249 disposed:false
260 http fetch GET 200 https://registry.npmmirror.com/@rollup%2frollup-linux-loong64-musl 553ms (cache miss)
261 silly packumentCache full:https://registry.npmmirror.com/@rollup%2frollup-linux-loong64-musl set size:8343 disposed:false
262 http fetch GET 200 https://registry.npmmirror.com/@rollup%2frollup-linux-loong64-gnu 614ms (cache miss)
263 silly packumentCache full:https://registry.npmmirror.com/@rollup%2frollup-linux-loong64-gnu set size:15017 disposed:false
264 http fetch GET 200 https://registry.npmmirror.com/source-map-js 720ms (cache miss)
265 silly packumentCache full:https://registry.npmmirror.com/source-map-js set size:14399 disposed:false
266 http fetch GET 200 https://registry.npmmirror.com/@rollup%2frollup-win32-ia32-msvc 671ms (cache miss)
267 silly packumentCache full:https://registry.npmmirror.com/@rollup%2frollup-win32-ia32-msvc set size:71846 disposed:false
268 http fetch GET 200 https://registry.npmmirror.com/@rollup%2frollup-linux-arm-musleabihf 702ms (cache miss)
269 silly packumentCache full:https://registry.npmmirror.com/@rollup%2frollup-linux-arm-musleabihf set size:50972 disposed:false
270 http fetch GET 200 https://registry.npmmirror.com/@rollup%2frollup-linux-riscv64-gnu 697ms (cache miss)
271 silly packumentCache full:https://registry.npmmirror.com/@rollup%2frollup-linux-riscv64-gnu set size:56647 disposed:false
272 http fetch GET 200 https://registry.npmmirror.com/@rollup%2frollup-linux-ppc64-musl 691ms (cache miss)
273 silly packumentCache full:https://registry.npmmirror.com/@rollup%2frollup-linux-ppc64-musl set size:8442 disposed:false
274 http fetch GET 200 https://registry.npmmirror.com/@rollup%2frollup-linux-riscv64-musl 717ms (cache miss)
275 silly packumentCache full:https://registry.npmmirror.com/@rollup%2frollup-linux-riscv64-musl set size:24636 disposed:false
276 http fetch GET 200 https://registry.npmmirror.com/@esbuild%2flinux-ia32 870ms (cache miss)
277 silly packumentCache full:https://registry.npmmirror.com/@esbuild%2flinux-ia32 set size:60380 disposed:false
278 http fetch GET 200 https://registry.npmmirror.com/@rollup%2frollup-android-arm-eabi 928ms (cache miss)
279 silly packumentCache full:https://registry.npmmirror.com/@rollup%2frollup-android-arm-eabi set size:71657 disposed:false
280 http fetch GET 200 https://registry.npmmirror.com/@rollup%2frollup-linux-s390x-gnu 861ms (cache miss)
281 silly packumentCache full:https://registry.npmmirror.com/@rollup%2frollup-linux-s390x-gnu set size:51932 disposed:false
282 http fetch GET 200 https://registry.npmmirror.com/@rollup%2frollup-darwin-x64 881ms (cache miss)
283 silly packumentCache full:https://registry.npmmirror.com/@rollup%2frollup-darwin-x64 set size:70812 disposed:false
284 http fetch GET 200 https://registry.npmmirror.com/@rollup%2frollup-win32-x64-msvc 905ms (cache miss)
285 silly packumentCache full:https://registry.npmmirror.com/@rollup%2frollup-win32-x64-msvc set size:71030 disposed:false
286 http fetch GET 200 https://registry.npmmirror.com/@rollup%2frollup-openbsd-x64 637ms (cache miss)
287 silly packumentCache full:https://registry.npmmirror.com/@rollup%2frollup-openbsd-x64 set size:8409 disposed:false
288 http fetch GET 200 https://registry.npmmirror.com/@esbuild%2flinux-mips64el 1113ms (cache miss)
289 silly packumentCache full:https://registry.npmmirror.com/@esbuild%2flinux-mips64el set size:60397 disposed:false
290 http fetch GET 200 https://registry.npmmirror.com/@esbuild%2flinux-arm64 1145ms (cache miss)
291 silly packumentCache full:https://registry.npmmirror.com/@esbuild%2flinux-arm64 set size:60136 disposed:false
292 http fetch GET 200 https://registry.npmmirror.com/@rollup%2frollup-win32-x64-gnu 1002ms (cache miss)
293 silly packumentCache full:https://registry.npmmirror.com/@rollup%2frollup-win32-x64-gnu set size:13950 disposed:false
294 http fetch GET 200 https://registry.npmmirror.com/@rollup%2frollup-linux-ppc64-gnu 1053ms (cache miss)
295 silly packumentCache full:https://registry.npmmirror.com/@rollup%2frollup-linux-ppc64-gnu set size:19599 disposed:false
296 http fetch GET 200 https://registry.npmmirror.com/@rollup%2frollup-linux-arm64-gnu 1127ms (cache miss)
297 silly packumentCache full:https://registry.npmmirror.com/@rollup%2frollup-linux-arm64-gnu set size:71553 disposed:false
298 http fetch GET 200 https://registry.npmmirror.com/@rollup%2frollup-freebsd-arm64 1194ms (cache miss)
299 silly packumentCache full:https://registry.npmmirror.com/@rollup%2frollup-freebsd-arm64 set size:40516 disposed:false
300 http fetch GET 200 https://registry.npmmirror.com/@rollup%2frollup-linux-x64-musl 1041ms (cache miss)
301 silly packumentCache full:https://registry.npmmirror.com/@rollup%2frollup-linux-x64-musl set size:70930 disposed:false
302 http fetch GET 200 https://registry.npmmirror.com/@rollup%2frollup-freebsd-x64 1122ms (cache miss)
303 silly packumentCache full:https://registry.npmmirror.com/@rollup%2frollup-freebsd-x64 set size:40239 disposed:false
304 http fetch GET 200 https://registry.npmmirror.com/@rollup%2frollup-openharmony-arm64 841ms (cache miss)
305 silly packumentCache full:https://registry.npmmirror.com/@rollup%2frollup-openharmony-arm64 set size:15686 disposed:false
306 http fetch GET 200 https://registry.npmmirror.com/@esbuild%2ffreebsd-arm64 1372ms (cache miss)
307 silly packumentCache full:https://registry.npmmirror.com/@esbuild%2ffreebsd-arm64 set size:60088 disposed:false
308 http fetch GET 200 https://registry.npmmirror.com/@esbuild%2fwin32-arm64 1391ms (cache miss)
309 silly packumentCache full:https://registry.npmmirror.com/@esbuild%2fwin32-arm64 set size:60312 disposed:false
310 http fetch GET 200 https://registry.npmmirror.com/@rollup%2frollup-linux-x64-gnu 1219ms (cache miss)
311 silly packumentCache full:https://registry.npmmirror.com/@rollup%2frollup-linux-x64-gnu set size:71131 disposed:false
312 http fetch GET 200 https://registry.npmmirror.com/@esbuild%2flinux-ppc64 1665ms (cache miss)
313 silly packumentCache full:https://registry.npmmirror.com/@esbuild%2flinux-ppc64 set size:60121 disposed:false
314 http fetch GET 200 https://registry.npmmirror.com/@rollup%2frollup-android-arm64 2620ms (cache miss)
315 silly packumentCache full:https://registry.npmmirror.com/@rollup%2frollup-android-arm64 set size:71420 disposed:false
316 silly placeDep ROOT @esbuild/aix-ppc64@0.21.5 OK for: esbuild@0.21.5 want: 0.21.5
317 silly placeDep ROOT @esbuild/android-arm@0.21.5 OK for: esbuild@0.21.5 want: 0.21.5
318 silly placeDep ROOT @esbuild/android-arm64@0.21.5 OK for: esbuild@0.21.5 want: 0.21.5
319 silly placeDep ROOT @esbuild/android-x64@0.21.5 OK for: esbuild@0.21.5 want: 0.21.5
320 silly placeDep ROOT @esbuild/darwin-arm64@0.21.5 OK for: esbuild@0.21.5 want: 0.21.5
321 silly placeDep ROOT @esbuild/darwin-x64@0.21.5 OK for: esbuild@0.21.5 want: 0.21.5
322 silly placeDep ROOT @esbuild/freebsd-arm64@0.21.5 OK for: esbuild@0.21.5 want: 0.21.5
323 silly placeDep ROOT @esbuild/freebsd-x64@0.21.5 OK for: esbuild@0.21.5 want: 0.21.5
324 silly placeDep ROOT @esbuild/linux-arm@0.21.5 OK for: esbuild@0.21.5 want: 0.21.5
325 silly placeDep ROOT @esbuild/linux-arm64@0.21.5 OK for: esbuild@0.21.5 want: 0.21.5
326 silly placeDep ROOT @esbuild/linux-ia32@0.21.5 OK for: esbuild@0.21.5 want: 0.21.5
327 silly placeDep ROOT @esbuild/linux-loong64@0.21.5 OK for: esbuild@0.21.5 want: 0.21.5
328 silly placeDep ROOT @esbuild/linux-mips64el@0.21.5 OK for: esbuild@0.21.5 want: 0.21.5
329 silly placeDep ROOT @esbuild/linux-ppc64@0.21.5 OK for: esbuild@0.21.5 want: 0.21.5
330 silly placeDep ROOT @esbuild/linux-riscv64@0.21.5 OK for: esbuild@0.21.5 want: 0.21.5
331 silly placeDep ROOT @esbuild/linux-s390x@0.21.5 OK for: esbuild@0.21.5 want: 0.21.5
332 silly placeDep ROOT @esbuild/linux-x64@0.21.5 OK for: esbuild@0.21.5 want: 0.21.5
333 silly placeDep ROOT @esbuild/netbsd-x64@0.21.5 OK for: esbuild@0.21.5 want: 0.21.5
334 silly placeDep ROOT @esbuild/openbsd-x64@0.21.5 OK for: esbuild@0.21.5 want: 0.21.5
335 silly placeDep ROOT @esbuild/sunos-x64@0.21.5 OK for: esbuild@0.21.5 want: 0.21.5
336 silly placeDep ROOT @esbuild/win32-arm64@0.21.5 OK for: esbuild@0.21.5 want: 0.21.5
337 silly placeDep ROOT @esbuild/win32-ia32@0.21.5 OK for: esbuild@0.21.5 want: 0.21.5
338 silly placeDep ROOT @esbuild/win32-x64@0.21.5 OK for: esbuild@0.21.5 want: 0.21.5
339 silly placeDep ROOT nanoid@3.3.15 OK for: postcss@8.5.16 want: ^3.3.12
340 silly placeDep ROOT picocolors@1.1.1 OK for: postcss@8.5.16 want: ^1.1.1
341 silly placeDep ROOT source-map-js@1.2.1 OK for: postcss@8.5.16 want: ^1.2.1
342 silly placeDep ROOT @rollup/rollup-android-arm-eabi@4.62.2 OK for: rollup@4.62.2 want: 4.62.2
343 silly placeDep ROOT @rollup/rollup-android-arm64@4.62.2 OK for: rollup@4.62.2 want: 4.62.2
344 silly placeDep ROOT @rollup/rollup-darwin-arm64@4.62.2 OK for: rollup@4.62.2 want: 4.62.2
345 silly placeDep ROOT @rollup/rollup-darwin-x64@4.62.2 OK for: rollup@4.62.2 want: 4.62.2
346 silly placeDep ROOT @rollup/rollup-freebsd-arm64@4.62.2 OK for: rollup@4.62.2 want: 4.62.2
347 silly placeDep ROOT @rollup/rollup-freebsd-x64@4.62.2 OK for: rollup@4.62.2 want: 4.62.2
348 silly placeDep ROOT @rollup/rollup-linux-arm-gnueabihf@4.62.2 OK for: rollup@4.62.2 want: 4.62.2
349 silly placeDep ROOT @rollup/rollup-linux-arm-musleabihf@4.62.2 OK for: rollup@4.62.2 want: 4.62.2
350 silly placeDep ROOT @rollup/rollup-linux-arm64-gnu@4.62.2 OK for: rollup@4.62.2 want: 4.62.2
351 silly placeDep ROOT @rollup/rollup-linux-arm64-musl@4.62.2 OK for: rollup@4.62.2 want: 4.62.2
352 silly placeDep ROOT @rollup/rollup-linux-loong64-gnu@4.62.2 OK for: rollup@4.62.2 want: 4.62.2
353 silly placeDep ROOT @rollup/rollup-linux-loong64-musl@4.62.2 OK for: rollup@4.62.2 want: 4.62.2
354 silly placeDep ROOT @rollup/rollup-linux-ppc64-gnu@4.62.2 OK for: rollup@4.62.2 want: 4.62.2
355 silly placeDep ROOT @rollup/rollup-linux-ppc64-musl@4.62.2 OK for: rollup@4.62.2 want: 4.62.2
356 silly placeDep ROOT @rollup/rollup-linux-riscv64-gnu@4.62.2 OK for: rollup@4.62.2 want: 4.62.2
357 silly placeDep ROOT @rollup/rollup-linux-riscv64-musl@4.62.2 OK for: rollup@4.62.2 want: 4.62.2
358 silly placeDep ROOT @rollup/rollup-linux-s390x-gnu@4.62.2 OK for: rollup@4.62.2 want: 4.62.2
359 silly placeDep ROOT @rollup/rollup-linux-x64-gnu@4.62.2 OK for: rollup@4.62.2 want: 4.62.2
360 silly placeDep ROOT @rollup/rollup-linux-x64-musl@4.62.2 OK for: rollup@4.62.2 want: 4.62.2
361 silly placeDep ROOT @rollup/rollup-openbsd-x64@4.62.2 OK for: rollup@4.62.2 want: 4.62.2
362 silly placeDep ROOT @rollup/rollup-openharmony-arm64@4.62.2 OK for: rollup@4.62.2 want: 4.62.2
363 silly placeDep ROOT @rollup/rollup-win32-arm64-msvc@4.62.2 OK for: rollup@4.62.2 want: 4.62.2
364 silly placeDep ROOT @rollup/rollup-win32-ia32-msvc@4.62.2 OK for: rollup@4.62.2 want: 4.62.2
365 silly placeDep ROOT @rollup/rollup-win32-x64-gnu@4.62.2 OK for: rollup@4.62.2 want: 4.62.2
366 silly placeDep ROOT @rollup/rollup-win32-x64-msvc@4.62.2 OK for: rollup@4.62.2 want: 4.62.2
367 silly placeDep ROOT @types/estree@1.0.9 OK for: rollup@4.62.2 want: 1.0.9
368 silly fetch manifest vue@3.5.39
369 silly packumentCache full:https://registry.npmmirror.com/vue cache-hit
370 silly placeDep ROOT @vue/compiler-dom@3.5.39 OK for: vue@3.5.39 want: 3.5.39
371 silly placeDep ROOT @vue/compiler-sfc@3.5.39 OK for: vue@3.5.39 want: 3.5.39
372 silly placeDep ROOT @vue/runtime-dom@3.5.39 OK for: vue@3.5.39 want: 3.5.39
373 silly placeDep ROOT @vue/server-renderer@3.5.39 OK for: vue@3.5.39 want: 3.5.39
374 silly placeDep ROOT @vue/shared@3.5.39 OK for: vue@3.5.39 want: 3.5.39
375 silly fetch manifest @vue/compiler-core@3.5.39
376 silly packumentCache full:https://registry.npmmirror.com/@vue%2fcompiler-core cache-miss
377 silly fetch manifest @babel/parser@^7.29.7
378 silly packumentCache full:https://registry.npmmirror.com/@babel%2fparser cache-miss
379 silly fetch manifest estree-walker@^2.0.2
380 silly packumentCache full:https://registry.npmmirror.com/estree-walker cache-miss
381 silly fetch manifest magic-string@^0.30.21
382 silly packumentCache full:https://registry.npmmirror.com/magic-string cache-miss
383 silly fetch manifest @vue/compiler-core@3.5.39
384 silly packumentCache full:https://registry.npmmirror.com/@vue%2fcompiler-core cache-miss
385 silly fetch manifest @vue/compiler-ssr@3.5.39
386 silly packumentCache full:https://registry.npmmirror.com/@vue%2fcompiler-ssr cache-miss
387 silly fetch manifest csstype@^3.2.3
388 silly packumentCache full:https://registry.npmmirror.com/csstype cache-miss
389 silly fetch manifest @vue/reactivity@3.5.39
390 silly packumentCache full:https://registry.npmmirror.com/@vue%2freactivity cache-miss
391 silly fetch manifest @vue/runtime-core@3.5.39
392 silly packumentCache full:https://registry.npmmirror.com/@vue%2fruntime-core cache-miss
393 silly fetch manifest @vue/compiler-ssr@3.5.39
394 silly packumentCache full:https://registry.npmmirror.com/@vue%2fcompiler-ssr cache-miss
395 http fetch GET 200 https://registry.npmmirror.com/estree-walker 77ms (cache miss)
396 silly packumentCache full:https://registry.npmmirror.com/estree-walker set size:11874 disposed:false
397 http fetch GET 200 https://registry.npmmirror.com/csstype 238ms (cache miss)
398 silly packumentCache full:https://registry.npmmirror.com/csstype set size:41498 disposed:false
399 http fetch GET 200 https://registry.npmmirror.com/@vue%2freactivity 265ms (cache miss)
400 silly packumentCache full:https://registry.npmmirror.com/@vue%2freactivity set size:119094 disposed:false
401 http fetch GET 200 https://registry.npmmirror.com/magic-string 280ms (cache miss)
402 silly packumentCache full:https://registry.npmmirror.com/magic-string set size:56351 disposed:false
403 http fetch GET 200 https://registry.npmmirror.com/@vue%2fcompiler-ssr 301ms (cache miss)
404 silly packumentCache full:https://registry.npmmirror.com/@vue%2fcompiler-ssr set size:115669 disposed:false
405 http fetch GET 200 https://registry.npmmirror.com/@vue%2fcompiler-core 309ms (cache miss)
406 silly packumentCache full:https://registry.npmmirror.com/@vue%2fcompiler-core set size:121395 disposed:false
407 http fetch GET 200 https://registry.npmmirror.com/@vue%2fcompiler-ssr 411ms (cache miss)
408 silly packumentCache full:https://registry.npmmirror.com/@vue%2fcompiler-ssr set size:115669 disposed:false
409 silly packumentCache full:https://registry.npmmirror.com/@vue%2fcompiler-ssr dispose
410 http fetch GET 200 https://registry.npmmirror.com/@babel%2fparser 583ms (cache miss)
411 silly packumentCache full:https://registry.npmmirror.com/@babel%2fparser set size:109307 disposed:false
412 http fetch GET 200 https://registry.npmmirror.com/@vue%2fcompiler-core 636ms (cache miss)
413 silly packumentCache full:https://registry.npmmirror.com/@vue%2fcompiler-core set size:121395 disposed:false
414 silly packumentCache full:https://registry.npmmirror.com/@vue%2fcompiler-core dispose
415 http fetch GET 200 https://registry.npmmirror.com/@vue%2fruntime-core 736ms (cache miss)
416 silly packumentCache full:https://registry.npmmirror.com/@vue%2fruntime-core set size:120320 disposed:false
417 silly placeDep ROOT @vue/compiler-core@3.5.39 OK for: @vue/compiler-dom@3.5.39 want: 3.5.39
418 silly fetch manifest entities@^7.0.1
419 silly packumentCache full:https://registry.npmmirror.com/entities cache-miss
420 http fetch GET 200 https://registry.npmmirror.com/entities 180ms (cache miss)
421 silly packumentCache full:https://registry.npmmirror.com/entities set size:23218 disposed:false
422 silly placeDep ROOT @babel/parser@7.29.7 OK for: @vue/compiler-core@3.5.39 want: ^7.29.7
423 silly placeDep ROOT entities@7.0.1 OK for: @vue/compiler-core@3.5.39 want: ^7.0.1
424 silly placeDep ROOT estree-walker@2.0.2 OK for: @vue/compiler-core@3.5.39 want: ^2.0.2
425 silly fetch manifest @babel/types@^7.29.7
426 silly packumentCache full:https://registry.npmmirror.com/@babel%2ftypes cache-miss
427 http fetch GET 200 https://registry.npmmirror.com/@babel%2ftypes 301ms (cache miss)
428 silly packumentCache full:https://registry.npmmirror.com/@babel%2ftypes set size:82596 disposed:false
429 silly placeDep ROOT @babel/types@7.29.7 OK for: @babel/parser@7.29.7 want: ^7.29.7
430 silly fetch manifest @babel/helper-string-parser@^7.29.7
431 silly packumentCache full:https://registry.npmmirror.com/@babel%2fhelper-string-parser cache-miss
432 silly fetch manifest @babel/helper-validator-identifier@^7.29.7
433 silly packumentCache full:https://registry.npmmirror.com/@babel%2fhelper-validator-identifier cache-miss
434 http fetch GET 200 https://registry.npmmirror.com/@babel%2fhelper-validator-identifier 181ms (cache miss)
435 silly packumentCache full:https://registry.npmmirror.com/@babel%2fhelper-validator-identifier set size:25335 disposed:false
436 http fetch GET 200 https://registry.npmmirror.com/@babel%2fhelper-string-parser 228ms (cache miss)
437 silly packumentCache full:https://registry.npmmirror.com/@babel%2fhelper-string-parser set size:21224 disposed:false
438 silly placeDep ROOT @babel/helper-string-parser@7.29.7 OK for: @babel/types@7.29.7 want: ^7.29.7
439 silly placeDep ROOT @babel/helper-validator-identifier@7.29.7 OK for: @babel/types@7.29.7 want: ^7.29.7
440 silly placeDep ROOT @vue/compiler-ssr@3.5.39 OK for: @vue/compiler-sfc@3.5.39 want: 3.5.39
441 silly placeDep ROOT magic-string@0.30.21 OK for: @vue/compiler-sfc@3.5.39 want: ^0.30.21
442 silly fetch manifest @jridgewell/sourcemap-codec@^1.5.5
443 silly packumentCache full:https://registry.npmmirror.com/@jridgewell%2fsourcemap-codec cache-miss
444 http fetch GET 200 https://registry.npmmirror.com/@jridgewell%2fsourcemap-codec 150ms (cache miss)
445 silly packumentCache full:https://registry.npmmirror.com/@jridgewell%2fsourcemap-codec set size:15018 disposed:false
446 silly placeDep ROOT @vue/reactivity@3.5.39 OK for: @vue/runtime-dom@3.5.39 want: 3.5.39
447 silly placeDep ROOT @vue/runtime-core@3.5.39 OK for: @vue/runtime-dom@3.5.39 want: 3.5.39
448 silly placeDep ROOT csstype@3.2.3 OK for: @vue/runtime-dom@3.5.39 want: ^3.2.3
449 silly placeDep ROOT @jridgewell/sourcemap-codec@1.5.5 OK for: magic-string@0.30.21 want: ^1.5.5
450 silly reify moves {}
451 silly audit bulk request {
451 silly audit   '@vitejs/plugin-vue': [ '5.2.4' ],
451 silly audit   vite: [ '5.4.21' ],
451 silly audit   vue: [ '3.5.39' ],
451 silly audit   esbuild: [ '0.21.5' ],
451 silly audit   fsevents: [ '2.3.3' ],
451 silly audit   postcss: [ '8.5.16' ],
451 silly audit   rollup: [ '4.62.2' ],
451 silly audit   '@esbuild/aix-ppc64': [ '0.21.5' ],
451 silly audit   '@esbuild/android-arm': [ '0.21.5' ],
451 silly audit   '@esbuild/android-arm64': [ '0.21.5' ],
451 silly audit   '@esbuild/android-x64': [ '0.21.5' ],
451 silly audit   '@esbuild/darwin-arm64': [ '0.21.5' ],
451 silly audit   '@esbuild/darwin-x64': [ '0.21.5' ],
451 silly audit   '@esbuild/freebsd-arm64': [ '0.21.5' ],
451 silly audit   '@esbuild/freebsd-x64': [ '0.21.5' ],
451 silly audit   '@esbuild/linux-arm': [ '0.21.5' ],
451 silly audit   '@esbuild/linux-arm64': [ '0.21.5' ],
451 silly audit   '@esbuild/linux-ia32': [ '0.21.5' ],
451 silly audit   '@esbuild/linux-loong64': [ '0.21.5' ],
451 silly audit   '@esbuild/linux-mips64el': [ '0.21.5' ],
451 silly audit   '@esbuild/linux-ppc64': [ '0.21.5' ],
451 silly audit   '@esbuild/linux-riscv64': [ '0.21.5' ],
451 silly audit   '@esbuild/linux-s390x': [ '0.21.5' ],
451 silly audit   '@esbuild/linux-x64': [ '0.21.5' ],
451 silly audit   '@esbuild/netbsd-x64': [ '0.21.5' ],
451 silly audit   '@esbuild/openbsd-x64': [ '0.21.5' ],
451 silly audit   '@esbuild/sunos-x64': [ '0.21.5' ],
451 silly audit   '@esbuild/win32-arm64': [ '0.21.5' ],
451 silly audit   '@esbuild/win32-ia32': [ '0.21.5' ],
451 silly audit   '@esbuild/win32-x64': [ '0.21.5' ],
451 silly audit   nanoid: [ '3.3.15' ],
451 silly audit   picocolors: [ '1.1.1' ],
451 silly audit   'source-map-js': [ '1.2.1' ],
451 silly audit   '@rollup/rollup-android-arm-eabi': [ '4.62.2' ],
451 silly audit   '@rollup/rollup-android-arm64': [ '4.62.2' ],
451 silly audit   '@rollup/rollup-darwin-arm64': [ '4.62.2' ],
451 silly audit   '@rollup/rollup-darwin-x64': [ '4.62.2' ],
451 silly audit   '@rollup/rollup-freebsd-arm64': [ '4.62.2' ],
451 silly audit   '@rollup/rollup-freebsd-x64': [ '4.62.2' ],
451 silly audit   '@rollup/rollup-linux-arm-gnueabihf': [ '4.62.2' ],
451 silly audit   '@rollup/rollup-linux-arm-musleabihf': [ '4.62.2' ],
451 silly audit   '@rollup/rollup-linux-arm64-gnu': [ '4.62.2' ],
451 silly audit   '@rollup/rollup-linux-arm64-musl': [ '4.62.2' ],
451 silly audit   '@rollup/rollup-linux-loong64-gnu': [ '4.62.2' ],
451 silly audit   '@rollup/rollup-linux-loong64-musl': [ '4.62.2' ],
451 silly audit   '@rollup/rollup-linux-ppc64-gnu': [ '4.62.2' ],
451 silly audit   '@rollup/rollup-linux-ppc64-musl': [ '4.62.2' ],
451 silly audit   '@rollup/rollup-linux-riscv64-gnu': [ '4.62.2' ],
451 silly audit   '@rollup/rollup-linux-riscv64-musl': [ '4.62.2' ],
451 silly audit   '@rollup/rollup-linux-s390x-gnu': [ '4.62.2' ],
451 silly audit   '@rollup/rollup-linux-x64-gnu': [ '4.62.2' ],
451 silly audit   '@rollup/rollup-linux-x64-musl': [ '4.62.2' ],
451 silly audit   '@rollup/rollup-openbsd-x64': [ '4.62.2' ],
451 silly audit   '@rollup/rollup-openharmony-arm64': [ '4.62.2' ],
451 silly audit   '@rollup/rollup-win32-arm64-msvc': [ '4.62.2' ],
451 silly audit   '@rollup/rollup-win32-ia32-msvc': [ '4.62.2' ],
451 silly audit   '@rollup/rollup-win32-x64-gnu': [ '4.62.2' ],
451 silly audit   '@rollup/rollup-win32-x64-msvc': [ '4.62.2' ],
451 silly audit   '@types/estree': [ '1.0.9' ],
451 silly audit   '@vue/compiler-dom': [ '3.5.39' ],
451 silly audit   '@vue/compiler-sfc': [ '3.5.39' ],
451 silly audit   '@vue/runtime-dom': [ '3.5.39' ],
451 silly audit   '@vue/server-renderer': [ '3.5.39' ],
451 silly audit   '@vue/shared': [ '3.5.39' ],
451 silly audit   '@vue/compiler-core': [ '3.5.39' ],
451 silly audit   '@babel/parser': [ '7.29.7' ],
451 silly audit   entities: [ '7.0.1' ],
451 silly audit   'estree-walker': [ '2.0.2' ],
451 silly audit   '@babel/types': [ '7.29.7' ],
451 silly audit   '@babel/helper-string-parser': [ '7.29.7' ],
451 silly audit   '@babel/helper-validator-identifier': [ '7.29.7' ],
451 silly audit   '@vue/compiler-ssr': [ '3.5.39' ],
451 silly audit   'magic-string': [ '0.30.21' ],
451 silly audit   '@vue/reactivity': [ '3.5.39' ],
451 silly audit   '@vue/runtime-core': [ '3.5.39' ],
451 silly audit   csstype: [ '3.2.3' ],
451 silly audit   '@jridgewell/sourcemap-codec': [ '1.5.5' ]
451 silly audit }
452 verbose reify failed optional dependency D:\Shixun\shixun\frontend\node_modules\@rollup\rollup-win32-ia32-msvc
453 silly reify mark deleted [
453 silly reify   'D:\\Shixun\\shixun\\frontend\\node_modules\\@rollup\\rollup-win32-ia32-msvc'
453 silly reify ]
454 verbose reify failed optional dependency D:\Shixun\shixun\frontend\node_modules\@rollup\rollup-win32-arm64-msvc
455 silly reify mark deleted [
455 silly reify   'D:\\Shixun\\shixun\\frontend\\node_modules\\@rollup\\rollup-win32-arm64-msvc'
455 silly reify ]
456 verbose reify failed optional dependency D:\Shixun\shixun\frontend\node_modules\@rollup\rollup-openharmony-arm64
457 silly reify mark deleted [
457 silly reify   'D:\\Shixun\\shixun\\frontend\\node_modules\\@rollup\\rollup-openharmony-arm64'
457 silly reify ]
458 verbose reify failed optional dependency D:\Shixun\shixun\frontend\node_modules\@rollup\rollup-openbsd-x64
459 silly reify mark deleted [
459 silly reify   'D:\\Shixun\\shixun\\frontend\\node_modules\\@rollup\\rollup-openbsd-x64'
459 silly reify ]
460 verbose reify failed optional dependency D:\Shixun\shixun\frontend\node_modules\@rollup\rollup-linux-x64-musl
461 silly reify mark deleted [
461 silly reify   'D:\\Shixun\\shixun\\frontend\\node_modules\\@rollup\\rollup-linux-x64-musl'
461 silly reify ]
462 verbose reify failed optional dependency D:\Shixun\shixun\frontend\node_modules\@rollup\rollup-linux-x64-gnu
463 silly reify mark deleted [
463 silly reify   'D:\\Shixun\\shixun\\frontend\\node_modules\\@rollup\\rollup-linux-x64-gnu'
463 silly reify ]
464 verbose reify failed optional dependency D:\Shixun\shixun\frontend\node_modules\@rollup\rollup-linux-s390x-gnu
465 silly reify mark deleted [
465 silly reify   'D:\\Shixun\\shixun\\frontend\\node_modules\\@rollup\\rollup-linux-s390x-gnu'
465 silly reify ]
466 verbose reify failed optional dependency D:\Shixun\shixun\frontend\node_modules\@rollup\rollup-linux-riscv64-musl
467 silly reify mark deleted [
467 silly reify   'D:\\Shixun\\shixun\\frontend\\node_modules\\@rollup\\rollup-linux-riscv64-musl'
467 silly reify ]
468 verbose reify failed optional dependency D:\Shixun\shixun\frontend\node_modules\@rollup\rollup-linux-riscv64-gnu
469 silly reify mark deleted [
469 silly reify   'D:\\Shixun\\shixun\\frontend\\node_modules\\@rollup\\rollup-linux-riscv64-gnu'
469 silly reify ]
470 verbose reify failed optional dependency D:\Shixun\shixun\frontend\node_modules\@rollup\rollup-linux-ppc64-musl
471 silly reify mark deleted [
471 silly reify   'D:\\Shixun\\shixun\\frontend\\node_modules\\@rollup\\rollup-linux-ppc64-musl'
471 silly reify ]
472 verbose reify failed optional dependency D:\Shixun\shixun\frontend\node_modules\@rollup\rollup-linux-ppc64-gnu
473 silly reify mark deleted [
473 silly reify   'D:\\Shixun\\shixun\\frontend\\node_modules\\@rollup\\rollup-linux-ppc64-gnu'
473 silly reify ]
474 verbose reify failed optional dependency D:\Shixun\shixun\frontend\node_modules\@rollup\rollup-linux-loong64-musl
475 silly reify mark deleted [
475 silly reify   'D:\\Shixun\\shixun\\frontend\\node_modules\\@rollup\\rollup-linux-loong64-musl'
475 silly reify ]
476 verbose reify failed optional dependency D:\Shixun\shixun\frontend\node_modules\@rollup\rollup-linux-loong64-gnu
477 silly reify mark deleted [
477 silly reify   'D:\\Shixun\\shixun\\frontend\\node_modules\\@rollup\\rollup-linux-loong64-gnu'
477 silly reify ]
478 verbose reify failed optional dependency D:\Shixun\shixun\frontend\node_modules\@rollup\rollup-linux-arm64-musl
479 silly reify mark deleted [
479 silly reify   'D:\\Shixun\\shixun\\frontend\\node_modules\\@rollup\\rollup-linux-arm64-musl'
479 silly reify ]
480 verbose reify failed optional dependency D:\Shixun\shixun\frontend\node_modules\@rollup\rollup-linux-arm64-gnu
481 silly reify mark deleted [
481 silly reify   'D:\\Shixun\\shixun\\frontend\\node_modules\\@rollup\\rollup-linux-arm64-gnu'
481 silly reify ]
482 verbose reify failed optional dependency D:\Shixun\shixun\frontend\node_modules\@rollup\rollup-linux-arm-musleabihf
483 silly reify mark deleted [
483 silly reify   'D:\\Shixun\\shixun\\frontend\\node_modules\\@rollup\\rollup-linux-arm-musleabihf'
483 silly reify ]
484 verbose reify failed optional dependency D:\Shixun\shixun\frontend\node_modules\@rollup\rollup-linux-arm-gnueabihf
485 silly reify mark deleted [
485 silly reify   'D:\\Shixun\\shixun\\frontend\\node_modules\\@rollup\\rollup-linux-arm-gnueabihf'
485 silly reify ]
486 verbose reify failed optional dependency D:\Shixun\shixun\frontend\node_modules\@rollup\rollup-freebsd-x64
487 silly reify mark deleted [
487 silly reify   'D:\\Shixun\\shixun\\frontend\\node_modules\\@rollup\\rollup-freebsd-x64'
487 silly reify ]
488 verbose reify failed optional dependency D:\Shixun\shixun\frontend\node_modules\@rollup\rollup-freebsd-arm64
489 silly reify mark deleted [
489 silly reify   'D:\\Shixun\\shixun\\frontend\\node_modules\\@rollup\\rollup-freebsd-arm64'
489 silly reify ]
490 verbose reify failed optional dependency D:\Shixun\shixun\frontend\node_modules\@rollup\rollup-darwin-x64
491 silly reify mark deleted [
491 silly reify   'D:\\Shixun\\shixun\\frontend\\node_modules\\@rollup\\rollup-darwin-x64'
491 silly reify ]
492 verbose reify failed optional dependency D:\Shixun\shixun\frontend\node_modules\@rollup\rollup-darwin-arm64
493 silly reify mark deleted [
493 silly reify   'D:\\Shixun\\shixun\\frontend\\node_modules\\@rollup\\rollup-darwin-arm64'
493 silly reify ]
494 verbose reify failed optional dependency D:\Shixun\shixun\frontend\node_modules\@rollup\rollup-android-arm64
495 silly reify mark deleted [
495 silly reify   'D:\\Shixun\\shixun\\frontend\\node_modules\\@rollup\\rollup-android-arm64'
495 silly reify ]
496 verbose reify failed optional dependency D:\Shixun\shixun\frontend\node_modules\@rollup\rollup-android-arm-eabi
497 silly reify mark deleted [
497 silly reify   'D:\\Shixun\\shixun\\frontend\\node_modules\\@rollup\\rollup-android-arm-eabi'
497 silly reify ]
498 verbose reify failed optional dependency D:\Shixun\shixun\frontend\node_modules\@esbuild\win32-ia32
499 silly reify mark deleted [ 'D:\\Shixun\\shixun\\frontend\\node_modules\\@esbuild\\win32-ia32' ]
500 verbose reify failed optional dependency D:\Shixun\shixun\frontend\node_modules\@esbuild\win32-arm64
501 silly reify mark deleted [ 'D:\\Shixun\\shixun\\frontend\\node_modules\\@esbuild\\win32-arm64' ]
502 verbose reify failed optional dependency D:\Shixun\shixun\frontend\node_modules\@esbuild\sunos-x64
503 silly reify mark deleted [ 'D:\\Shixun\\shixun\\frontend\\node_modules\\@esbuild\\sunos-x64' ]
504 verbose reify failed optional dependency D:\Shixun\shixun\frontend\node_modules\@esbuild\openbsd-x64
505 silly reify mark deleted [ 'D:\\Shixun\\shixun\\frontend\\node_modules\\@esbuild\\openbsd-x64' ]
506 verbose reify failed optional dependency D:\Shixun\shixun\frontend\node_modules\@esbuild\netbsd-x64
507 silly reify mark deleted [ 'D:\\Shixun\\shixun\\frontend\\node_modules\\@esbuild\\netbsd-x64' ]
508 verbose reify failed optional dependency D:\Shixun\shixun\frontend\node_modules\@esbuild\linux-x64
509 silly reify mark deleted [ 'D:\\Shixun\\shixun\\frontend\\node_modules\\@esbuild\\linux-x64' ]
510 verbose reify failed optional dependency D:\Shixun\shixun\frontend\node_modules\@esbuild\linux-s390x
511 silly reify mark deleted [ 'D:\\Shixun\\shixun\\frontend\\node_modules\\@esbuild\\linux-s390x' ]
512 verbose reify failed optional dependency D:\Shixun\shixun\frontend\node_modules\@esbuild\linux-riscv64
513 silly reify mark deleted [
513 silly reify   'D:\\Shixun\\shixun\\frontend\\node_modules\\@esbuild\\linux-riscv64'
513 silly reify ]
514 verbose reify failed optional dependency D:\Shixun\shixun\frontend\node_modules\@esbuild\linux-ppc64
515 silly reify mark deleted [ 'D:\\Shixun\\shixun\\frontend\\node_modules\\@esbuild\\linux-ppc64' ]
516 verbose reify failed optional dependency D:\Shixun\shixun\frontend\node_modules\@esbuild\linux-mips64el
517 silly reify mark deleted [
517 silly reify   'D:\\Shixun\\shixun\\frontend\\node_modules\\@esbuild\\linux-mips64el'
517 silly reify ]
518 verbose reify failed optional dependency D:\Shixun\shixun\frontend\node_modules\@esbuild\linux-loong64
519 silly reify mark deleted [
519 silly reify   'D:\\Shixun\\shixun\\frontend\\node_modules\\@esbuild\\linux-loong64'
519 silly reify ]
520 verbose reify failed optional dependency D:\Shixun\shixun\frontend\node_modules\@esbuild\linux-ia32
521 silly reify mark deleted [ 'D:\\Shixun\\shixun\\frontend\\node_modules\\@esbuild\\linux-ia32' ]
522 verbose reify failed optional dependency D:\Shixun\shixun\frontend\node_modules\@esbuild\linux-arm64
523 silly reify mark deleted [ 'D:\\Shixun\\shixun\\frontend\\node_modules\\@esbuild\\linux-arm64' ]
524 verbose reify failed optional dependency D:\Shixun\shixun\frontend\node_modules\@esbuild\linux-arm
525 silly reify mark deleted [ 'D:\\Shixun\\shixun\\frontend\\node_modules\\@esbuild\\linux-arm' ]
526 verbose reify failed optional dependency D:\Shixun\shixun\frontend\node_modules\@esbuild\freebsd-x64
527 silly reify mark deleted [ 'D:\\Shixun\\shixun\\frontend\\node_modules\\@esbuild\\freebsd-x64' ]
528 verbose reify failed optional dependency D:\Shixun\shixun\frontend\node_modules\@esbuild\freebsd-arm64
529 silly reify mark deleted [
529 silly reify   'D:\\Shixun\\shixun\\frontend\\node_modules\\@esbuild\\freebsd-arm64'
529 silly reify ]
530 verbose reify failed optional dependency D:\Shixun\shixun\frontend\node_modules\@esbuild\darwin-x64
531 silly reify mark deleted [ 'D:\\Shixun\\shixun\\frontend\\node_modules\\@esbuild\\darwin-x64' ]
532 verbose reify failed optional dependency D:\Shixun\shixun\frontend\node_modules\@esbuild\darwin-arm64
533 silly reify mark deleted [
533 silly reify   'D:\\Shixun\\shixun\\frontend\\node_modules\\@esbuild\\darwin-arm64'
533 silly reify ]
534 verbose reify failed optional dependency D:\Shixun\shixun\frontend\node_modules\@esbuild\android-x64
535 silly reify mark deleted [ 'D:\\Shixun\\shixun\\frontend\\node_modules\\@esbuild\\android-x64' ]
536 verbose reify failed optional dependency D:\Shixun\shixun\frontend\node_modules\@esbuild\android-arm64
537 silly reify mark deleted [
537 silly reify   'D:\\Shixun\\shixun\\frontend\\node_modules\\@esbuild\\android-arm64'
537 silly reify ]
538 verbose reify failed optional dependency D:\Shixun\shixun\frontend\node_modules\@esbuild\android-arm
539 silly reify mark deleted [ 'D:\\Shixun\\shixun\\frontend\\node_modules\\@esbuild\\android-arm' ]
540 verbose reify failed optional dependency D:\Shixun\shixun\frontend\node_modules\@esbuild\aix-ppc64
541 silly reify mark deleted [ 'D:\\Shixun\\shixun\\frontend\\node_modules\\@esbuild\\aix-ppc64' ]
542 verbose reify failed optional dependency D:\Shixun\shixun\frontend\node_modules\fsevents
543 silly reify mark deleted [ 'D:\\Shixun\\shixun\\frontend\\node_modules\\fsevents' ]
544 http cache @vue/runtime-core@https://registry.npmmirror.com/@vue/runtime-core/-/runtime-core-3.5.39.tgz 1ms (cache hit)
545 http cache @vue/reactivity@https://registry.npmmirror.com/@vue/reactivity/-/reactivity-3.5.39.tgz 0ms (cache hit)
546 http cache @jridgewell/sourcemap-codec@https://registry.npmmirror.com/@jridgewell/sourcemap-codec/-/sourcemap-codec-1.5.5.tgz 0ms (cache hit)
547 http cache @vue/compiler-ssr@https://registry.npmmirror.com/@vue/compiler-ssr/-/compiler-ssr-3.5.39.tgz 0ms (cache hit)
548 http cache csstype@https://registry.npmmirror.com/csstype/-/csstype-3.2.3.tgz 0ms (cache hit)
549 http cache @babel/helper-validator-identifier@https://registry.npmmirror.com/@babel/helper-validator-identifier/-/helper-validator-identifier-7.29.7.tgz 0ms (cache hit)
550 http cache @babel/types@https://registry.npmmirror.com/@babel/types/-/types-7.29.7.tgz 0ms (cache hit)
551 http cache @babel/helper-string-parser@https://registry.npmmirror.com/@babel/helper-string-parser/-/helper-string-parser-7.29.7.tgz 0ms (cache hit)
552 http cache magic-string@https://registry.npmmirror.com/magic-string/-/magic-string-0.30.21.tgz 0ms (cache hit)
553 http cache @babel/parser@https://registry.npmmirror.com/@babel/parser/-/parser-7.29.7.tgz 0ms (cache hit)
554 http cache estree-walker@https://registry.npmmirror.com/estree-walker/-/estree-walker-2.0.2.tgz 0ms (cache hit)
555 http cache @vue/compiler-core@https://registry.npmmirror.com/@vue/compiler-core/-/compiler-core-3.5.39.tgz 0ms (cache hit)
556 http cache entities@https://registry.npmmirror.com/entities/-/entities-7.0.1.tgz 0ms (cache hit)
557 http cache @vue/shared@https://registry.npmmirror.com/@vue/shared/-/shared-3.5.39.tgz 0ms (cache hit)
558 http cache @types/estree@https://registry.npmmirror.com/@types/estree/-/estree-1.0.9.tgz 0ms (cache hit)
559 http cache @vue/runtime-dom@https://registry.npmmirror.com/@vue/runtime-dom/-/runtime-dom-3.5.39.tgz 0ms (cache hit)
560 http cache @vue/compiler-sfc@https://registry.npmmirror.com/@vue/compiler-sfc/-/compiler-sfc-3.5.39.tgz 0ms (cache hit)
561 http cache @vue/server-renderer@https://registry.npmmirror.com/@vue/server-renderer/-/server-renderer-3.5.39.tgz 0ms (cache hit)
562 http cache @vue/compiler-dom@https://registry.npmmirror.com/@vue/compiler-dom/-/compiler-dom-3.5.39.tgz 0ms (cache hit)
563 http cache @rollup/rollup-win32-x64-gnu@https://registry.npmmirror.com/@rollup/rollup-win32-x64-gnu/-/rollup-win32-x64-gnu-4.62.2.tgz 0ms (cache hit)
564 http cache @rollup/rollup-win32-x64-msvc@https://registry.npmmirror.com/@rollup/rollup-win32-x64-msvc/-/rollup-win32-x64-msvc-4.62.2.tgz 0ms (cache hit)
565 http cache source-map-js@https://registry.npmmirror.com/source-map-js/-/source-map-js-1.2.1.tgz 0ms (cache hit)
566 http cache picocolors@https://registry.npmmirror.com/picocolors/-/picocolors-1.1.1.tgz 0ms (cache hit)
567 http cache @esbuild/win32-x64@https://registry.npmmirror.com/@esbuild/win32-x64/-/win32-x64-0.21.5.tgz 0ms (cache hit)
568 http cache @vitejs/plugin-vue@https://registry.npmmirror.com/@vitejs/plugin-vue/-/plugin-vue-5.2.4.tgz 0ms (cache hit)
569 silly tarball no local data for @vue/runtime-core@https://registry.npmmirror.com/@vue/runtime-core/-/runtime-core-3.5.39.tgz. Extracting by manifest.
570 http cache nanoid@https://registry.npmmirror.com/nanoid/-/nanoid-3.3.15.tgz 0ms (cache hit)
571 silly tarball no local data for @vue/reactivity@https://registry.npmmirror.com/@vue/reactivity/-/reactivity-3.5.39.tgz. Extracting by manifest.
572 http cache rollup@https://registry.npmmirror.com/rollup/-/rollup-4.62.2.tgz 0ms (cache hit)
573 http cache postcss@https://registry.npmmirror.com/postcss/-/postcss-8.5.16.tgz 0ms (cache hit)
574 silly tarball no local data for @jridgewell/sourcemap-codec@https://registry.npmmirror.com/@jridgewell/sourcemap-codec/-/sourcemap-codec-1.5.5.tgz. Extracting by manifest.
575 http cache vue@https://registry.npmmirror.com/vue/-/vue-3.5.39.tgz 0ms (cache hit)
576 silly tarball no local data for @vue/compiler-ssr@https://registry.npmmirror.com/@vue/compiler-ssr/-/compiler-ssr-3.5.39.tgz. Extracting by manifest.
577 silly tarball no local data for csstype@https://registry.npmmirror.com/csstype/-/csstype-3.2.3.tgz. Extracting by manifest.
578 http cache esbuild@https://registry.npmmirror.com/esbuild/-/esbuild-0.21.5.tgz 0ms (cache hit)
579 silly tarball no local data for @babel/helper-validator-identifier@https://registry.npmmirror.com/@babel/helper-validator-identifier/-/helper-validator-identifier-7.29.7.tgz. Extracting by manifest.
580 silly tarball no local data for @babel/types@https://registry.npmmirror.com/@babel/types/-/types-7.29.7.tgz. Extracting by manifest.
581 silly tarball no local data for @babel/helper-string-parser@https://registry.npmmirror.com/@babel/helper-string-parser/-/helper-string-parser-7.29.7.tgz. Extracting by manifest.
582 silly tarball no local data for magic-string@https://registry.npmmirror.com/magic-string/-/magic-string-0.30.21.tgz. Extracting by manifest.
583 silly tarball no local data for @babel/parser@https://registry.npmmirror.com/@babel/parser/-/parser-7.29.7.tgz. Extracting by manifest.
584 silly tarball no local data for estree-walker@https://registry.npmmirror.com/estree-walker/-/estree-walker-2.0.2.tgz. Extracting by manifest.
585 http cache vite@https://registry.npmmirror.com/vite/-/vite-5.4.21.tgz 0ms (cache hit)
586 silly tarball no local data for @vue/compiler-core@https://registry.npmmirror.com/@vue/compiler-core/-/compiler-core-3.5.39.tgz. Extracting by manifest.
587 silly tarball no local data for entities@https://registry.npmmirror.com/entities/-/entities-7.0.1.tgz. Extracting by manifest.
588 silly tarball no local data for @vue/shared@https://registry.npmmirror.com/@vue/shared/-/shared-3.5.39.tgz. Extracting by manifest.
589 silly tarball no local data for @types/estree@https://registry.npmmirror.com/@types/estree/-/estree-1.0.9.tgz. Extracting by manifest.
590 silly tarball no local data for @vue/runtime-dom@https://registry.npmmirror.com/@vue/runtime-dom/-/runtime-dom-3.5.39.tgz. Extracting by manifest.
591 silly tarball no local data for @vue/compiler-sfc@https://registry.npmmirror.com/@vue/compiler-sfc/-/compiler-sfc-3.5.39.tgz. Extracting by manifest.
592 silly tarball no local data for @vue/server-renderer@https://registry.npmmirror.com/@vue/server-renderer/-/server-renderer-3.5.39.tgz. Extracting by manifest.
593 silly tarball no local data for @vue/compiler-dom@https://registry.npmmirror.com/@vue/compiler-dom/-/compiler-dom-3.5.39.tgz. Extracting by manifest.
594 silly tarball no local data for @rollup/rollup-win32-x64-gnu@https://registry.npmmirror.com/@rollup/rollup-win32-x64-gnu/-/rollup-win32-x64-gnu-4.62.2.tgz. Extracting by manifest.
595 silly tarball no local data for @rollup/rollup-win32-x64-msvc@https://registry.npmmirror.com/@rollup/rollup-win32-x64-msvc/-/rollup-win32-x64-msvc-4.62.2.tgz. Extracting by manifest.
596 silly tarball no local data for source-map-js@https://registry.npmmirror.com/source-map-js/-/source-map-js-1.2.1.tgz. Extracting by manifest.
597 silly tarball no local data for picocolors@https://registry.npmmirror.com/picocolors/-/picocolors-1.1.1.tgz. Extracting by manifest.
598 silly tarball no local data for @esbuild/win32-x64@https://registry.npmmirror.com/@esbuild/win32-x64/-/win32-x64-0.21.5.tgz. Extracting by manifest.
599 silly tarball no local data for @vitejs/plugin-vue@https://registry.npmmirror.com/@vitejs/plugin-vue/-/plugin-vue-5.2.4.tgz. Extracting by manifest.
600 silly tarball no local data for nanoid@https://registry.npmmirror.com/nanoid/-/nanoid-3.3.15.tgz. Extracting by manifest.
601 silly tarball no local data for rollup@https://registry.npmmirror.com/rollup/-/rollup-4.62.2.tgz. Extracting by manifest.
602 silly tarball no local data for postcss@https://registry.npmmirror.com/postcss/-/postcss-8.5.16.tgz. Extracting by manifest.
603 silly tarball no local data for vue@https://registry.npmmirror.com/vue/-/vue-3.5.39.tgz. Extracting by manifest.
604 silly tarball no local data for esbuild@https://registry.npmmirror.com/esbuild/-/esbuild-0.21.5.tgz. Extracting by manifest.
605 silly tarball no local data for vite@https://registry.npmmirror.com/vite/-/vite-5.4.21.tgz. Extracting by manifest.
606 http fetch POST 404 https://registry.npmmirror.com/-/npm/v1/security/advisories/bulk 57ms
607 silly audit bulk request failed [object Object]
608 http fetch POST 404 https://registry.npmmirror.com/-/npm/v1/security/audits/quick 138ms
609 verbose audit error HttpErrorGeneral: 404 Not Found - POST https://registry.npmmirror.com/-/npm/v1/security/audits/quick - [NOT_IMPLEMENTED] /-/npm/v1/security/* not implemented yet
609 verbose audit error     at D:\Develop\Nodejs\node_modules\npm\node_modules\npm-registry-fetch\lib\check-response.js:103:15
609 verbose audit error     at process.processTicksAndRejections (node:internal/process/task_queues:103:5)
609 verbose audit error     at async [getReport] (D:\Develop\Nodejs\node_modules\npm\node_modules\@npmcli\arborist\lib\audit-report.js:336:21)
609 verbose audit error     at async AuditReport.run (D:\Develop\Nodejs\node_modules\npm\node_modules\@npmcli\arborist\lib\audit-report.js:106:19) {
609 verbose audit error   headers: [Object: null prototype] {
609 verbose audit error     server: [ 'Tengine' ],
609 verbose audit error     date: [ 'Wed, 08 Jul 2026 07:37:08 GMT' ],
609 verbose audit error     'content-type': [ 'application/json' ],
609 verbose audit error     'transfer-encoding': [ 'chunked' ],
609 verbose audit error     connection: [ 'keep-alive' ],
609 verbose audit error     'strict-transport-security': [ 'max-age=5184000' ],
609 verbose audit error     via: [ 'kunlun6.cn5256[,404666]' ],
609 verbose audit error     'timing-allow-origin': [ '*' ],
609 verbose audit error     eagleid: [ '6f1f422417834962281835360e' ],
609 verbose audit error     'x-fetch-attempts': [ '1' ]
609 verbose audit error   },
609 verbose audit error   statusCode: 404,
609 verbose audit error   code: 'E404',
609 verbose audit error   method: 'POST',
609 verbose audit error   uri: 'https://registry.npmmirror.com/-/npm/v1/security/audits/quick',
609 verbose audit error   body: {
609 verbose audit error     error: '[NOT_IMPLEMENTED] /-/npm/v1/security/* not implemented yet'
609 verbose audit error   },
609 verbose audit error   pkgid: undefined
609 verbose audit error }
610 silly audit error [object Object]
611 silly audit report null
612 http fetch GET 200 https://cdn.npmmirror.com/packages/%40vue/shared/3.5.39/shared-3.5.39.tgz 243ms (cache miss)
613 http fetch GET 200 https://cdn.npmmirror.com/packages/%40types/estree/1.0.9/estree-1.0.9.tgz 268ms (cache miss)
614 http fetch GET 200 https://cdn.npmmirror.com/packages/%40babel/helper-string-parser/7.29.7/helper-string-parser-7.29.7.tgz 286ms (cache miss)
615 http fetch GET 200 https://cdn.npmmirror.com/packages/%40babel/helper-validator-identifier/7.29.7/helper-validator-identifier-7.29.7.tgz 304ms (cache miss)
616 http fetch GET 200 https://cdn.npmmirror.com/packages/%40vue/compiler-ssr/3.5.39/compiler-ssr-3.5.39.tgz 310ms (cache miss)
617 http fetch GET 200 https://cdn.npmmirror.com/packages/%40jridgewell/sourcemap-codec/1.5.5/sourcemap-codec-1.5.5.tgz 587ms (cache miss)
618 http fetch GET 200 https://cdn.npmmirror.com/packages/%40vue/reactivity/3.5.39/reactivity-3.5.39.tgz 892ms (cache miss)
619 http fetch GET 200 https://cdn.npmmirror.com/packages/magic-string/0.30.21/magic-string-0.30.21.tgz 912ms (cache miss)
620 http fetch GET 200 https://cdn.npmmirror.com/packages/%40babel/types/7.29.7/types-7.29.7.tgz 949ms (cache miss)
621 http fetch GET 200 https://cdn.npmmirror.com/packages/source-map-js/1.2.1/source-map-js-1.2.1.tgz 990ms (cache miss)
622 http fetch GET 200 https://cdn.npmmirror.com/packages/picocolors/1.1.1/picocolors-1.1.1.tgz 1023ms (cache miss)
623 http fetch GET 200 https://cdn.npmmirror.com/packages/nanoid/3.3.15/nanoid-3.3.15.tgz 1077ms (cache miss)
624 http fetch GET 200 https://cdn.npmmirror.com/packages/%40vue/server-renderer/3.5.39/server-renderer-3.5.39.tgz 1089ms (cache miss)
625 http fetch GET 200 https://cdn.npmmirror.com/packages/%40vue/compiler-core/3.5.39/compiler-core-3.5.39.tgz 1286ms (cache miss)
626 http fetch GET 200 https://cdn.npmmirror.com/packages/esbuild/0.21.5/esbuild-0.21.5.tgz 1282ms (cache miss)
627 http fetch GET 200 https://cdn.npmmirror.com/packages/csstype/3.2.3/csstype-3.2.3.tgz 1316ms (cache miss)
628 http fetch GET 200 https://cdn.npmmirror.com/packages/estree-walker/2.0.2/estree-walker-2.0.2.tgz 1440ms (cache miss)
629 http fetch GET 200 https://cdn.npmmirror.com/packages/entities/7.0.1/entities-7.0.1.tgz 1568ms (cache miss)
630 http fetch GET 200 https://cdn.npmmirror.com/packages/%40vue/compiler-dom/3.5.39/compiler-dom-3.5.39.tgz 1606ms (cache miss)
631 http fetch GET 200 https://cdn.npmmirror.com/packages/%40vitejs/plugin-vue/5.2.4/plugin-vue-5.2.4.tgz 1691ms (cache miss)
632 http fetch GET 200 https://cdn.npmmirror.com/packages/%40vue/runtime-core/3.5.39/runtime-core-3.5.39.tgz 1829ms (cache miss)
633 http fetch GET 200 https://cdn.npmmirror.com/packages/postcss/8.5.16/postcss-8.5.16.tgz 1890ms (cache miss)
634 http fetch GET 200 https://cdn.npmmirror.com/packages/%40babel/parser/7.29.7/parser-7.29.7.tgz 2495ms (cache miss)
635 http fetch GET 200 https://cdn.npmmirror.com/packages/%40vue/runtime-dom/3.5.39/runtime-dom-3.5.39.tgz 2519ms (cache miss)
636 http fetch GET 200 https://cdn.npmmirror.com/packages/rollup/4.62.2/rollup-4.62.2.tgz 3288ms (cache miss)
637 http fetch GET 200 https://cdn.npmmirror.com/packages/%40vue/compiler-sfc/3.5.39/compiler-sfc-3.5.39.tgz 3527ms (cache miss)
638 http fetch GET 200 https://cdn.npmmirror.com/packages/vite/5.4.21/vite-5.4.21.tgz 4389ms (cache miss)
639 http fetch GET 200 https://cdn.npmmirror.com/packages/vue/3.5.39/vue-3.5.39.tgz 4499ms (cache miss)
640 http fetch GET 200 https://cdn.npmmirror.com/packages/%40rollup/rollup-win32-x64-msvc/4.62.2/rollup-win32-x64-msvc-4.62.2.tgz 4826ms (cache miss)
641 http fetch GET 200 https://cdn.npmmirror.com/packages/%40rollup/rollup-win32-x64-gnu/4.62.2/rollup-win32-x64-gnu-4.62.2.tgz 5264ms (cache miss)
642 http fetch GET 200 https://cdn.npmmirror.com/packages/%40esbuild/win32-x64/0.21.5/win32-x64-0.21.5.tgz 8075ms (cache miss)
643 info run esbuild@0.21.5 postinstall node_modules/esbuild node install.js
644 info run esbuild@0.21.5 postinstall { code: 0, signal: null }
645 silly ADD node_modules/@jridgewell/sourcemap-codec
646 silly ADD node_modules/csstype
647 silly ADD node_modules/@vue/runtime-core
648 silly ADD node_modules/@vue/reactivity
649 silly ADD node_modules/magic-string
650 silly ADD node_modules/@vue/compiler-ssr
651 silly ADD node_modules/@babel/helper-validator-identifier
652 silly ADD node_modules/@babel/helper-string-parser
653 silly ADD node_modules/@babel/types
654 silly ADD node_modules/estree-walker
655 silly ADD node_modules/entities
656 silly ADD node_modules/@babel/parser
657 silly ADD node_modules/@vue/compiler-core
658 silly ADD node_modules/@vue/shared
659 silly ADD node_modules/@vue/server-renderer
660 silly ADD node_modules/@vue/runtime-dom
661 silly ADD node_modules/@vue/compiler-sfc
662 silly ADD node_modules/@vue/compiler-dom
663 silly ADD node_modules/@types/estree
664 silly ADD node_modules/@rollup/rollup-win32-x64-msvc
665 silly ADD node_modules/@rollup/rollup-win32-x64-gnu
666 silly ADD
667 silly ADD
668 silly ADD
669 silly ADD
670 silly ADD
671 silly ADD
672 silly ADD
673 silly ADD
674 silly ADD
675 silly ADD
676 silly ADD
677 silly ADD
678 silly ADD
679 silly ADD
680 silly ADD
681 silly ADD
682 silly ADD
683 silly ADD
684 silly ADD
685 silly ADD
686 silly ADD
687 silly ADD
688 silly ADD
689 silly ADD node_modules/source-map-js
690 silly ADD node_modules/picocolors
691 silly ADD node_modules/nanoid
692 silly ADD node_modules/@esbuild/win32-x64
693 silly ADD
694 silly ADD
695 silly ADD
696 silly ADD
697 silly ADD
698 silly ADD
699 silly ADD
700 silly ADD
701 silly ADD
702 silly ADD
703 silly ADD
704 silly ADD
705 silly ADD
706 silly ADD
707 silly ADD
708 silly ADD
709 silly ADD
710 silly ADD
711 silly ADD
712 silly ADD
713 silly ADD
714 silly ADD
715 silly ADD node_modules/rollup
716 silly ADD node_modules/postcss
717 silly ADD
718 silly ADD node_modules/esbuild
719 silly ADD node_modules/vue
720 silly ADD node_modules/vite
721 silly ADD node_modules/@vitejs/plugin-vue
722 verbose cwd D:\Shixun\shixun\frontend
723 verbose os Windows_NT 10.0.22631
724 verbose node v22.23.0
725 verbose npm  v10.9.8
726 notice
726 notice New [31mmajor[39m version of npm available! [31m10.9.8[39m -> [34m11.18.0[39m
726 notice Changelog: [34mhttps://github.com/npm/cli/releases/tag/v11.18.0[39m
726 notice To update run: [4mnpm install -g npm@11.18.0[24m
726 notice  { force: true, [Symbol(proc-log.meta)]: true }
727 verbose exit 0
728 info ok
