0 verbose cli D:\Develop\Nodejs\node.exe D:\Develop\Nodejs\node_modules\npm\bin\npm-cli.js
1 info using npm@10.9.8
2 info using node@v22.23.0
3 silly config load:file:D:\Develop\Nodejs\node_modules\npm\npmrc
4 silly config load:file:D:\Shixun\shixun\frontend\.npmrc
5 silly config load:file:C:\Users\lenovo\.npmrc
6 silly config load:file:D:\Develop\Nodejs\node_global\etc\npmrc
7 verbose title npm install qrcode
8 verbose argv "install" "qrcode"
9 verbose logfile logs-max:10 dir:D:\Shixun\shixun\frontend\.npm-cache\_logs\2026-07-10T07_54_23_696Z-
10 verbose logfile D:\Shixun\shixun\frontend\.npm-cache\_logs\2026-07-10T07_54_23_696Z-debug-0.log
11 silly logfile done cleaning log files
12 silly packumentCache heap:4345298944 maxSize:1086324736 maxEntrySize:543162368
13 silly idealTree buildDeps
14 silly fetch manifest qrcode@*
15 silly packumentCache full:https://registry.npmjs.org/qrcode cache-miss
16 verbose shrinkwrap failed to load node_modules/.package-lock.json out of date, updated: node_modules
17 http fetch GET 200 https://registry.npmjs.org/qrcode 2815ms (cache miss)
18 silly packumentCache full:https://registry.npmjs.org/qrcode set size:undefined disposed:false
19 silly placeDep ROOT qrcode@1.5.4 OK for: vue-frontend@0.0.1 want: *
20 silly fetch manifest pngjs@^5.0.0
21 silly packumentCache full:https://registry.npmjs.org/pngjs cache-miss
22 silly fetch manifest yargs@^15.3.1
23 silly packumentCache full:https://registry.npmjs.org/yargs cache-miss
24 silly fetch manifest dijkstrajs@^1.0.1
25 silly packumentCache full:https://registry.npmjs.org/dijkstrajs cache-miss
26 http fetch GET 200 https://registry.npmjs.org/pngjs 1661ms (cache miss)
27 silly packumentCache full:https://registry.npmjs.org/pngjs set size:undefined disposed:false
28 http fetch GET 200 https://registry.npmjs.org/yargs 2224ms (cache miss)
29 silly packumentCache full:https://registry.npmjs.org/yargs set size:undefined disposed:false
30 http fetch GET 200 https://registry.npmjs.org/dijkstrajs 2302ms (cache miss)
31 silly packumentCache full:https://registry.npmjs.org/dijkstrajs set size:undefined disposed:false
32 silly placeDep ROOT dijkstrajs@1.0.3 OK for: qrcode@1.5.4 want: ^1.0.1
33 silly placeDep ROOT pngjs@5.0.0 OK for: qrcode@1.5.4 want: ^5.0.0
34 silly placeDep ROOT yargs@15.4.1 OK for: qrcode@1.5.4 want: ^15.3.1
35 silly fetch manifest y18n@^4.0.0
36 silly packumentCache full:https://registry.npmjs.org/y18n cache-miss
37 silly fetch manifest cliui@^6.0.0
38 silly packumentCache full:https://registry.npmjs.org/cliui cache-miss
39 silly fetch manifest find-up@^4.1.0
40 silly packumentCache full:https://registry.npmjs.org/find-up cache-miss
41 silly fetch manifest decamelize@^1.2.0
42 silly packumentCache full:https://registry.npmjs.org/decamelize cache-miss
43 silly fetch manifest set-blocking@^2.0.0
44 silly packumentCache full:https://registry.npmjs.org/set-blocking cache-miss
45 silly fetch manifest string-width@^4.2.0
46 silly packumentCache full:https://registry.npmjs.org/string-width cache-miss
47 silly fetch manifest which-module@^2.0.0
48 silly packumentCache full:https://registry.npmjs.org/which-module cache-miss
49 silly fetch manifest yargs-parser@^18.1.2
50 silly packumentCache full:https://registry.npmjs.org/yargs-parser cache-miss
51 silly fetch manifest get-caller-file@^2.0.1
52 silly packumentCache full:https://registry.npmjs.org/get-caller-file cache-miss
53 silly fetch manifest require-directory@^2.1.1
54 silly packumentCache full:https://registry.npmjs.org/require-directory cache-miss
55 silly fetch manifest require-main-filename@^2.0.0
56 silly packumentCache full:https://registry.npmjs.org/require-main-filename cache-miss
57 http fetch GET 200 https://registry.npmjs.org/find-up 467ms (cache miss)
58 silly packumentCache full:https://registry.npmjs.org/find-up set size:undefined disposed:false
59 http fetch GET 200 https://registry.npmjs.org/cliui 594ms (cache miss)
60 silly packumentCache full:https://registry.npmjs.org/cliui set size:undefined disposed:false
61 http fetch GET 200 https://registry.npmjs.org/y18n 779ms (cache miss)
62 silly packumentCache full:https://registry.npmjs.org/y18n set size:undefined disposed:false
63 http fetch GET 200 https://registry.npmjs.org/require-main-filename 1448ms (cache miss)
64 silly packumentCache full:https://registry.npmjs.org/require-main-filename set size:undefined disposed:false
65 http fetch GET 200 https://registry.npmjs.org/yargs-parser 1975ms (cache miss)
66 silly packumentCache full:https://registry.npmjs.org/yargs-parser set size:undefined disposed:false
67 http fetch GET 200 https://registry.npmjs.org/which-module 2127ms (cache miss)
68 silly packumentCache full:https://registry.npmjs.org/which-module set size:undefined disposed:false
69 http fetch GET 200 https://registry.npmjs.org/get-caller-file 2663ms (cache miss)
70 silly packumentCache full:https://registry.npmjs.org/get-caller-file set size:undefined disposed:false
71 http fetch GET 200 https://registry.npmjs.org/decamelize 2682ms (cache miss)
72 silly packumentCache full:https://registry.npmjs.org/decamelize set size:undefined disposed:false
73 http fetch GET 200 https://registry.npmjs.org/string-width 2767ms (cache miss)
74 silly packumentCache full:https://registry.npmjs.org/string-width set size:undefined disposed:false
75 http fetch GET 200 https://registry.npmjs.org/require-directory 3513ms (cache miss)
76 silly packumentCache full:https://registry.npmjs.org/require-directory set size:undefined disposed:false
77 http fetch GET 200 https://registry.npmjs.org/set-blocking 3598ms (cache miss)
78 silly packumentCache full:https://registry.npmjs.org/set-blocking set size:undefined disposed:false
79 silly placeDep ROOT cliui@6.0.0 OK for: yargs@15.4.1 want: ^6.0.0
80 silly placeDep ROOT decamelize@1.2.0 OK for: yargs@15.4.1 want: ^1.2.0
81 silly placeDep ROOT find-up@4.1.0 OK for: yargs@15.4.1 want: ^4.1.0
82 silly placeDep ROOT get-caller-file@2.0.5 OK for: yargs@15.4.1 want: ^2.0.1
83 silly placeDep ROOT require-directory@2.1.1 OK for: yargs@15.4.1 want: ^2.1.1
84 silly placeDep ROOT require-main-filename@2.0.0 OK for: yargs@15.4.1 want: ^2.0.0
85 silly placeDep ROOT set-blocking@2.0.0 OK for: yargs@15.4.1 want: ^2.0.0
86 silly placeDep ROOT string-width@4.2.3 OK for: yargs@15.4.1 want: ^4.2.0
87 silly placeDep ROOT which-module@2.0.1 OK for: yargs@15.4.1 want: ^2.0.0
88 silly placeDep ROOT y18n@4.0.3 OK for: yargs@15.4.1 want: ^4.0.0
89 silly placeDep ROOT yargs-parser@18.1.3 OK for: yargs@15.4.1 want: ^18.1.2
90 silly fetch manifest wrap-ansi@^6.2.0
91 silly packumentCache full:https://registry.npmjs.org/wrap-ansi cache-miss
92 silly fetch manifest strip-ansi@^6.0.0
93 silly packumentCache full:https://registry.npmjs.org/strip-ansi cache-miss
94 silly fetch manifest locate-path@^5.0.0
95 silly packumentCache full:https://registry.npmjs.org/locate-path cache-miss
96 silly fetch manifest path-exists@^4.0.0
97 silly packumentCache full:https://registry.npmjs.org/path-exists cache-miss
98 silly fetch manifest strip-ansi@^6.0.1
99 silly packumentCache full:https://registry.npmjs.org/strip-ansi cache-miss
100 silly fetch manifest emoji-regex@^8.0.0
101 silly packumentCache full:https://registry.npmjs.org/emoji-regex cache-miss
102 silly fetch manifest is-fullwidth-code-point@^3.0.0
103 silly packumentCache full:https://registry.npmjs.org/is-fullwidth-code-point cache-miss
104 silly fetch manifest camelcase@^5.0.0
105 silly packumentCache full:https://registry.npmjs.org/camelcase cache-miss
106 http fetch GET 200 https://registry.npmjs.org/locate-path 216ms (cache miss)
107 silly packumentCache full:https://registry.npmjs.org/locate-path set size:undefined disposed:false
108 http fetch GET 200 https://registry.npmjs.org/path-exists 233ms (cache miss)
109 silly packumentCache full:https://registry.npmjs.org/path-exists set size:undefined disposed:false
110 http fetch GET 200 https://registry.npmjs.org/strip-ansi 255ms (cache miss)
111 silly packumentCache full:https://registry.npmjs.org/strip-ansi set size:undefined disposed:false
112 http fetch GET 200 https://registry.npmjs.org/is-fullwidth-code-point 260ms (cache miss)
113 silly packumentCache full:https://registry.npmjs.org/is-fullwidth-code-point set size:undefined disposed:false
114 http fetch GET 200 https://registry.npmjs.org/wrap-ansi 262ms (cache miss)
115 silly packumentCache full:https://registry.npmjs.org/wrap-ansi set size:undefined disposed:false
116 http fetch GET 200 https://registry.npmjs.org/camelcase 390ms (cache miss)
117 silly packumentCache full:https://registry.npmjs.org/camelcase set size:undefined disposed:false
118 http fetch GET 200 https://registry.npmjs.org/strip-ansi 497ms (cache miss)
119 silly packumentCache full:https://registry.npmjs.org/strip-ansi set size:undefined disposed:false
120 http fetch GET 200 https://registry.npmjs.org/emoji-regex 1595ms (cache miss)
121 silly packumentCache full:https://registry.npmjs.org/emoji-regex set size:undefined disposed:false
122 silly placeDep ROOT strip-ansi@6.0.1 OK for: cliui@6.0.0 want: ^6.0.0
123 silly placeDep ROOT wrap-ansi@6.2.0 OK for: cliui@6.0.0 want: ^6.2.0
124 silly fetch manifest ansi-regex@^5.0.1
125 silly packumentCache full:https://registry.npmjs.org/ansi-regex cache-miss
126 silly fetch manifest ansi-styles@^4.0.0
127 silly packumentCache full:https://registry.npmjs.org/ansi-styles cache-miss
128 http fetch GET 200 https://registry.npmjs.org/ansi-regex 197ms (cache miss)
129 silly packumentCache full:https://registry.npmjs.org/ansi-regex set size:undefined disposed:false
130 http fetch GET 200 https://registry.npmjs.org/ansi-styles 1451ms (cache miss)
131 silly packumentCache full:https://registry.npmjs.org/ansi-styles set size:undefined disposed:false
132 silly placeDep ROOT locate-path@5.0.0 OK for: find-up@4.1.0 want: ^5.0.0
133 silly placeDep ROOT path-exists@4.0.0 OK for: find-up@4.1.0 want: ^4.0.0
134 silly fetch manifest p-locate@^4.1.0
135 silly packumentCache full:https://registry.npmjs.org/p-locate cache-miss
136 http fetch GET 200 https://registry.npmjs.org/p-locate 227ms (cache miss)
137 silly packumentCache full:https://registry.npmjs.org/p-locate set size:undefined disposed:false
138 silly placeDep ROOT p-locate@4.1.0 OK for: locate-path@5.0.0 want: ^4.1.0
139 silly fetch manifest p-limit@^2.2.0
140 silly packumentCache full:https://registry.npmjs.org/p-limit cache-miss
141 http fetch GET 200 https://registry.npmjs.org/p-limit 410ms (cache miss)
142 silly packumentCache full:https://registry.npmjs.org/p-limit set size:undefined disposed:false
143 silly placeDep ROOT p-limit@2.3.0 OK for: p-locate@4.1.0 want: ^2.2.0
144 silly fetch manifest p-try@^2.0.0
145 silly packumentCache full:https://registry.npmjs.org/p-try cache-miss
146 http fetch GET 200 https://registry.npmjs.org/p-try 251ms (cache miss)
147 silly packumentCache full:https://registry.npmjs.org/p-try set size:undefined disposed:false
148 silly placeDep ROOT p-try@2.2.0 OK for: p-limit@2.3.0 want: ^2.0.0
149 silly placeDep ROOT emoji-regex@8.0.0 OK for: string-width@4.2.3 want: ^8.0.0
150 silly placeDep ROOT is-fullwidth-code-point@3.0.0 OK for: string-width@4.2.3 want: ^3.0.0
151 silly placeDep ROOT ansi-regex@5.0.1 OK for: strip-ansi@6.0.1 want: ^5.0.1
152 silly placeDep ROOT ansi-styles@4.3.0 OK for: wrap-ansi@6.2.0 want: ^4.0.0
153 silly fetch manifest color-convert@^2.0.1
154 silly packumentCache full:https://registry.npmjs.org/color-convert cache-miss
155 http fetch GET 200 https://registry.npmjs.org/color-convert 251ms (cache miss)
156 silly packumentCache full:https://registry.npmjs.org/color-convert set size:undefined disposed:false
157 silly placeDep ROOT color-convert@2.0.1 OK for: ansi-styles@4.3.0 want: ^2.0.1
158 silly fetch manifest color-name@~1.1.4
159 silly packumentCache full:https://registry.npmjs.org/color-name cache-miss
160 http fetch GET 200 https://registry.npmjs.org/color-name 298ms (cache miss)
161 silly packumentCache full:https://registry.npmjs.org/color-name set size:undefined disposed:false
162 silly placeDep ROOT color-name@1.1.4 OK for: color-convert@2.0.1 want: ~1.1.4
163 silly placeDep ROOT camelcase@5.3.1 OK for: yargs-parser@18.1.3 want: ^5.0.0
164 silly reify moves {}
165 silly audit bulk request {
165 silly audit   '@babel/helper-string-parser': [ '7.29.7' ],
165 silly audit   '@babel/helper-validator-identifier': [ '7.29.7' ],
165 silly audit   '@babel/parser': [ '7.29.7' ],
165 silly audit   '@babel/types': [ '7.29.7' ],
165 silly audit   '@esbuild/aix-ppc64': [ '0.21.5' ],
165 silly audit   '@esbuild/android-arm': [ '0.21.5' ],
165 silly audit   '@esbuild/android-arm64': [ '0.21.5' ],
165 silly audit   '@esbuild/android-x64': [ '0.21.5' ],
165 silly audit   '@esbuild/darwin-arm64': [ '0.21.5' ],
165 silly audit   '@esbuild/darwin-x64': [ '0.21.5' ],
165 silly audit   '@esbuild/freebsd-arm64': [ '0.21.5' ],
165 silly audit   '@esbuild/freebsd-x64': [ '0.21.5' ],
165 silly audit   '@esbuild/linux-arm': [ '0.21.5' ],
165 silly audit   '@esbuild/linux-arm64': [ '0.21.5' ],
165 silly audit   '@esbuild/linux-ia32': [ '0.21.5' ],
165 silly audit   '@esbuild/linux-loong64': [ '0.21.5' ],
165 silly audit   '@esbuild/linux-mips64el': [ '0.21.5' ],
165 silly audit   '@esbuild/linux-ppc64': [ '0.21.5' ],
165 silly audit   '@esbuild/linux-riscv64': [ '0.21.5' ],
165 silly audit   '@esbuild/linux-s390x': [ '0.21.5' ],
165 silly audit   '@esbuild/linux-x64': [ '0.21.5' ],
165 silly audit   '@esbuild/netbsd-x64': [ '0.21.5' ],
165 silly audit   '@esbuild/openbsd-x64': [ '0.21.5' ],
165 silly audit   '@esbuild/sunos-x64': [ '0.21.5' ],
165 silly audit   '@esbuild/win32-arm64': [ '0.21.5' ],
165 silly audit   '@esbuild/win32-ia32': [ '0.21.5' ],
165 silly audit   '@esbuild/win32-x64': [ '0.21.5' ],
165 silly audit   '@jridgewell/sourcemap-codec': [ '1.5.5' ],
165 silly audit   '@rollup/rollup-android-arm-eabi': [ '4.62.2' ],
165 silly audit   '@rollup/rollup-android-arm64': [ '4.62.2' ],
165 silly audit   '@rollup/rollup-darwin-arm64': [ '4.62.2' ],
165 silly audit   '@rollup/rollup-darwin-x64': [ '4.62.2' ],
165 silly audit   '@rollup/rollup-freebsd-arm64': [ '4.62.2' ],
165 silly audit   '@rollup/rollup-freebsd-x64': [ '4.62.2' ],
165 silly audit   '@rollup/rollup-linux-arm-gnueabihf': [ '4.62.2' ],
165 silly audit   '@rollup/rollup-linux-arm-musleabihf': [ '4.62.2' ],
165 silly audit   '@rollup/rollup-linux-arm64-gnu': [ '4.62.2' ],
165 silly audit   '@rollup/rollup-linux-arm64-musl': [ '4.62.2' ],
165 silly audit   '@rollup/rollup-linux-loong64-gnu': [ '4.62.2' ],
165 silly audit   '@rollup/rollup-linux-loong64-musl': [ '4.62.2' ],
165 silly audit   '@rollup/rollup-linux-ppc64-gnu': [ '4.62.2' ],
165 silly audit   '@rollup/rollup-linux-ppc64-musl': [ '4.62.2' ],
165 silly audit   '@rollup/rollup-linux-riscv64-gnu': [ '4.62.2' ],
165 silly audit   '@rollup/rollup-linux-riscv64-musl': [ '4.62.2' ],
165 silly audit   '@rollup/rollup-linux-s390x-gnu': [ '4.62.2' ],
165 silly audit   '@rollup/rollup-linux-x64-gnu': [ '4.62.2' ],
165 silly audit   '@rollup/rollup-linux-x64-musl': [ '4.62.2' ],
165 silly audit   '@rollup/rollup-openbsd-x64': [ '4.62.2' ],
165 silly audit   '@rollup/rollup-openharmony-arm64': [ '4.62.2' ],
165 silly audit   '@rollup/rollup-win32-arm64-msvc': [ '4.62.2' ],
165 silly audit   '@rollup/rollup-win32-ia32-msvc': [ '4.62.2' ],
165 silly audit   '@rollup/rollup-win32-x64-gnu': [ '4.62.2' ],
165 silly audit   '@rollup/rollup-win32-x64-msvc': [ '4.62.2' ],
165 silly audit   '@types/estree': [ '1.0.9' ],
165 silly audit   '@vitejs/plugin-vue': [ '5.2.4' ],
165 silly audit   '@vue/compiler-core': [ '3.5.39' ],
165 silly audit   '@vue/compiler-dom': [ '3.5.39' ],
165 silly audit   '@vue/compiler-sfc': [ '3.5.39' ],
165 silly audit   '@vue/compiler-ssr': [ '3.5.39' ],
165 silly audit   '@vue/reactivity': [ '3.5.39' ],
165 silly audit   '@vue/runtime-core': [ '3.5.39' ],
165 silly audit   '@vue/runtime-dom': [ '3.5.39' ],
165 silly audit   '@vue/server-renderer': [ '3.5.39' ],
165 silly audit   '@vue/shared': [ '3.5.39' ],
165 silly audit   csstype: [ '3.2.3' ],
165 silly audit   entities: [ '7.0.1' ],
165 silly audit   esbuild: [ '0.21.5' ],
165 silly audit   'estree-walker': [ '2.0.2' ],
165 silly audit   fsevents: [ '2.3.3' ],
165 silly audit   'magic-string': [ '0.30.21' ],
165 silly audit   nanoid: [ '3.3.15' ],
165 silly audit   picocolors: [ '1.1.1' ],
165 silly audit   postcss: [ '8.5.16' ],
165 silly audit   rollup: [ '4.62.2' ],
165 silly audit   'source-map-js': [ '1.2.1' ],
165 silly audit   vite: [ '5.4.21' ],
165 silly audit   vue: [ '3.5.39' ],
165 silly audit   qrcode: [ '1.5.4' ],
165 silly audit   dijkstrajs: [ '1.0.3' ],
165 silly audit   pngjs: [ '5.0.0' ],
165 silly audit   yargs: [ '15.4.1' ],
165 silly audit   cliui: [ '6.0.0' ],
165 silly audit   decamelize: [ '1.2.0' ],
165 silly audit   'find-up': [ '4.1.0' ],
165 silly audit   'get-caller-file': [ '2.0.5' ],
165 silly audit   'require-directory': [ '2.1.1' ],
165 silly audit   'require-main-filename': [ '2.0.0' ],
165 silly audit   'set-blocking': [ '2.0.0' ],
165 silly audit   'string-width': [ '4.2.3' ],
165 silly audit   'which-module': [ '2.0.1' ],
165 silly audit   y18n: [ '4.0.3' ],
165 silly audit   'yargs-parser': [ '18.1.3' ],
165 silly audit   'strip-ansi': [ '6.0.1' ],
165 silly audit   'wrap-ansi': [ '6.2.0' ],
165 silly audit   'locate-path': [ '5.0.0' ],
165 silly audit   'path-exists': [ '4.0.0' ],
165 silly audit   'p-locate': [ '4.1.0' ],
165 silly audit   'p-limit': [ '2.3.0' ],
165 silly audit   'p-try': [ '2.2.0' ],
165 silly audit   'emoji-regex': [ '8.0.0' ],
165 silly audit   'is-fullwidth-code-point': [ '3.0.0' ],
165 silly audit   'ansi-regex': [ '5.0.1' ],
165 silly audit   'ansi-styles': [ '4.3.0' ],
165 silly audit   'color-convert': [ '2.0.1' ],
165 silly audit   'color-name': [ '1.1.4' ],
165 silly audit   camelcase: [ '5.3.1' ]
165 silly audit }
166 verbose reify failed optional dependency D:\Shixun\shixun\frontend\node_modules\fsevents
167 silly reify mark deleted [ 'D:\\Shixun\\shixun\\frontend\\node_modules\\fsevents' ]
168 verbose reify failed optional dependency D:\Shixun\shixun\frontend\node_modules\@rollup\rollup-win32-ia32-msvc
169 silly reify mark deleted [
169 silly reify   'D:\\Shixun\\shixun\\frontend\\node_modules\\@rollup\\rollup-win32-ia32-msvc'
169 silly reify ]
170 verbose reify failed optional dependency D:\Shixun\shixun\frontend\node_modules\@rollup\rollup-win32-arm64-msvc
171 silly reify mark deleted [
171 silly reify   'D:\\Shixun\\shixun\\frontend\\node_modules\\@rollup\\rollup-win32-arm64-msvc'
171 silly reify ]
172 verbose reify failed optional dependency D:\Shixun\shixun\frontend\node_modules\@rollup\rollup-openharmony-arm64
173 silly reify mark deleted [
173 silly reify   'D:\\Shixun\\shixun\\frontend\\node_modules\\@rollup\\rollup-openharmony-arm64'
173 silly reify ]
174 verbose reify failed optional dependency D:\Shixun\shixun\frontend\node_modules\@rollup\rollup-openbsd-x64
175 silly reify mark deleted [
175 silly reify   'D:\\Shixun\\shixun\\frontend\\node_modules\\@rollup\\rollup-openbsd-x64'
175 silly reify ]
176 verbose reify failed optional dependency D:\Shixun\shixun\frontend\node_modules\@rollup\rollup-linux-x64-musl
177 silly reify mark deleted [
177 silly reify   'D:\\Shixun\\shixun\\frontend\\node_modules\\@rollup\\rollup-linux-x64-musl'
177 silly reify ]
178 verbose reify failed optional dependency D:\Shixun\shixun\frontend\node_modules\@rollup\rollup-linux-x64-gnu
179 silly reify mark deleted [
179 silly reify   'D:\\Shixun\\shixun\\frontend\\node_modules\\@rollup\\rollup-linux-x64-gnu'
179 silly reify ]
180 verbose reify failed optional dependency D:\Shixun\shixun\frontend\node_modules\@rollup\rollup-linux-s390x-gnu
181 silly reify mark deleted [
181 silly reify   'D:\\Shixun\\shixun\\frontend\\node_modules\\@rollup\\rollup-linux-s390x-gnu'
181 silly reify ]
182 verbose reify failed optional dependency D:\Shixun\shixun\frontend\node_modules\@rollup\rollup-linux-riscv64-musl
183 silly reify mark deleted [
183 silly reify   'D:\\Shixun\\shixun\\frontend\\node_modules\\@rollup\\rollup-linux-riscv64-musl'
183 silly reify ]
184 verbose reify failed optional dependency D:\Shixun\shixun\frontend\node_modules\@rollup\rollup-linux-riscv64-gnu
185 silly reify mark deleted [
185 silly reify   'D:\\Shixun\\shixun\\frontend\\node_modules\\@rollup\\rollup-linux-riscv64-gnu'
185 silly reify ]
186 verbose reify failed optional dependency D:\Shixun\shixun\frontend\node_modules\@rollup\rollup-linux-ppc64-musl
187 silly reify mark deleted [
187 silly reify   'D:\\Shixun\\shixun\\frontend\\node_modules\\@rollup\\rollup-linux-ppc64-musl'
187 silly reify ]
188 verbose reify failed optional dependency D:\Shixun\shixun\frontend\node_modules\@rollup\rollup-linux-ppc64-gnu
189 silly reify mark deleted [
189 silly reify   'D:\\Shixun\\shixun\\frontend\\node_modules\\@rollup\\rollup-linux-ppc64-gnu'
189 silly reify ]
190 verbose reify failed optional dependency D:\Shixun\shixun\frontend\node_modules\@rollup\rollup-linux-loong64-musl
191 silly reify mark deleted [
191 silly reify   'D:\\Shixun\\shixun\\frontend\\node_modules\\@rollup\\rollup-linux-loong64-musl'
191 silly reify ]
192 verbose reify failed optional dependency D:\Shixun\shixun\frontend\node_modules\@rollup\rollup-linux-loong64-gnu
193 silly reify mark deleted [
193 silly reify   'D:\\Shixun\\shixun\\frontend\\node_modules\\@rollup\\rollup-linux-loong64-gnu'
193 silly reify ]
194 verbose reify failed optional dependency D:\Shixun\shixun\frontend\node_modules\@rollup\rollup-linux-arm64-musl
195 silly reify mark deleted [
195 silly reify   'D:\\Shixun\\shixun\\frontend\\node_modules\\@rollup\\rollup-linux-arm64-musl'
195 silly reify ]
196 verbose reify failed optional dependency D:\Shixun\shixun\frontend\node_modules\@rollup\rollup-linux-arm64-gnu
197 silly reify mark deleted [
197 silly reify   'D:\\Shixun\\shixun\\frontend\\node_modules\\@rollup\\rollup-linux-arm64-gnu'
197 silly reify ]
198 verbose reify failed optional dependency D:\Shixun\shixun\frontend\node_modules\@rollup\rollup-linux-arm-musleabihf
199 silly reify mark deleted [
199 silly reify   'D:\\Shixun\\shixun\\frontend\\node_modules\\@rollup\\rollup-linux-arm-musleabihf'
199 silly reify ]
200 verbose reify failed optional dependency D:\Shixun\shixun\frontend\node_modules\@rollup\rollup-linux-arm-gnueabihf
201 silly reify mark deleted [
201 silly reify   'D:\\Shixun\\shixun\\frontend\\node_modules\\@rollup\\rollup-linux-arm-gnueabihf'
201 silly reify ]
202 verbose reify failed optional dependency D:\Shixun\shixun\frontend\node_modules\@rollup\rollup-freebsd-x64
203 silly reify mark deleted [
203 silly reify   'D:\\Shixun\\shixun\\frontend\\node_modules\\@rollup\\rollup-freebsd-x64'
203 silly reify ]
204 verbose reify failed optional dependency D:\Shixun\shixun\frontend\node_modules\@rollup\rollup-freebsd-arm64
205 silly reify mark deleted [
205 silly reify   'D:\\Shixun\\shixun\\frontend\\node_modules\\@rollup\\rollup-freebsd-arm64'
205 silly reify ]
206 verbose reify failed optional dependency D:\Shixun\shixun\frontend\node_modules\@rollup\rollup-darwin-x64
207 silly reify mark deleted [
207 silly reify   'D:\\Shixun\\shixun\\frontend\\node_modules\\@rollup\\rollup-darwin-x64'
207 silly reify ]
208 verbose reify failed optional dependency D:\Shixun\shixun\frontend\node_modules\@rollup\rollup-darwin-arm64
209 silly reify mark deleted [
209 silly reify   'D:\\Shixun\\shixun\\frontend\\node_modules\\@rollup\\rollup-darwin-arm64'
209 silly reify ]
210 verbose reify failed optional dependency D:\Shixun\shixun\frontend\node_modules\@rollup\rollup-android-arm64
211 silly reify mark deleted [
211 silly reify   'D:\\Shixun\\shixun\\frontend\\node_modules\\@rollup\\rollup-android-arm64'
211 silly reify ]
212 verbose reify failed optional dependency D:\Shixun\shixun\frontend\node_modules\@rollup\rollup-android-arm-eabi
213 silly reify mark deleted [
213 silly reify   'D:\\Shixun\\shixun\\frontend\\node_modules\\@rollup\\rollup-android-arm-eabi'
213 silly reify ]
214 verbose reify failed optional dependency D:\Shixun\shixun\frontend\node_modules\@esbuild\win32-ia32
215 silly reify mark deleted [ 'D:\\Shixun\\shixun\\frontend\\node_modules\\@esbuild\\win32-ia32' ]
216 verbose reify failed optional dependency D:\Shixun\shixun\frontend\node_modules\@esbuild\win32-arm64
217 silly reify mark deleted [ 'D:\\Shixun\\shixun\\frontend\\node_modules\\@esbuild\\win32-arm64' ]
218 verbose reify failed optional dependency D:\Shixun\shixun\frontend\node_modules\@esbuild\sunos-x64
219 silly reify mark deleted [ 'D:\\Shixun\\shixun\\frontend\\node_modules\\@esbuild\\sunos-x64' ]
220 verbose reify failed optional dependency D:\Shixun\shixun\frontend\node_modules\@esbuild\openbsd-x64
221 silly reify mark deleted [ 'D:\\Shixun\\shixun\\frontend\\node_modules\\@esbuild\\openbsd-x64' ]
222 verbose reify failed optional dependency D:\Shixun\shixun\frontend\node_modules\@esbuild\netbsd-x64
223 silly reify mark deleted [ 'D:\\Shixun\\shixun\\frontend\\node_modules\\@esbuild\\netbsd-x64' ]
224 verbose reify failed optional dependency D:\Shixun\shixun\frontend\node_modules\@esbuild\linux-x64
225 silly reify mark deleted [ 'D:\\Shixun\\shixun\\frontend\\node_modules\\@esbuild\\linux-x64' ]
226 verbose reify failed optional dependency D:\Shixun\shixun\frontend\node_modules\@esbuild\linux-s390x
227 silly reify mark deleted [ 'D:\\Shixun\\shixun\\frontend\\node_modules\\@esbuild\\linux-s390x' ]
228 verbose reify failed optional dependency D:\Shixun\shixun\frontend\node_modules\@esbuild\linux-riscv64
229 silly reify mark deleted [
229 silly reify   'D:\\Shixun\\shixun\\frontend\\node_modules\\@esbuild\\linux-riscv64'
229 silly reify ]
230 verbose reify failed optional dependency D:\Shixun\shixun\frontend\node_modules\@esbuild\linux-ppc64
231 silly reify mark deleted [ 'D:\\Shixun\\shixun\\frontend\\node_modules\\@esbuild\\linux-ppc64' ]
232 verbose reify failed optional dependency D:\Shixun\shixun\frontend\node_modules\@esbuild\linux-mips64el
233 silly reify mark deleted [
233 silly reify   'D:\\Shixun\\shixun\\frontend\\node_modules\\@esbuild\\linux-mips64el'
233 silly reify ]
234 verbose reify failed optional dependency D:\Shixun\shixun\frontend\node_modules\@esbuild\linux-loong64
235 silly reify mark deleted [
235 silly reify   'D:\\Shixun\\shixun\\frontend\\node_modules\\@esbuild\\linux-loong64'
235 silly reify ]
236 verbose reify failed optional dependency D:\Shixun\shixun\frontend\node_modules\@esbuild\linux-ia32
237 silly reify mark deleted [ 'D:\\Shixun\\shixun\\frontend\\node_modules\\@esbuild\\linux-ia32' ]
238 verbose reify failed optional dependency D:\Shixun\shixun\frontend\node_modules\@esbuild\linux-arm64
239 silly reify mark deleted [ 'D:\\Shixun\\shixun\\frontend\\node_modules\\@esbuild\\linux-arm64' ]
240 verbose reify failed optional dependency D:\Shixun\shixun\frontend\node_modules\@esbuild\linux-arm
241 silly reify mark deleted [ 'D:\\Shixun\\shixun\\frontend\\node_modules\\@esbuild\\linux-arm' ]
242 verbose reify failed optional dependency D:\Shixun\shixun\frontend\node_modules\@esbuild\freebsd-x64
243 silly reify mark deleted [ 'D:\\Shixun\\shixun\\frontend\\node_modules\\@esbuild\\freebsd-x64' ]
244 verbose reify failed optional dependency D:\Shixun\shixun\frontend\node_modules\@esbuild\freebsd-arm64
245 silly reify mark deleted [
245 silly reify   'D:\\Shixun\\shixun\\frontend\\node_modules\\@esbuild\\freebsd-arm64'
245 silly reify ]
246 verbose reify failed optional dependency D:\Shixun\shixun\frontend\node_modules\@esbuild\darwin-x64
247 silly reify mark deleted [ 'D:\\Shixun\\shixun\\frontend\\node_modules\\@esbuild\\darwin-x64' ]
248 verbose reify failed optional dependency D:\Shixun\shixun\frontend\node_modules\@esbuild\darwin-arm64
249 silly reify mark deleted [
249 silly reify   'D:\\Shixun\\shixun\\frontend\\node_modules\\@esbuild\\darwin-arm64'
249 silly reify ]
250 verbose reify failed optional dependency D:\Shixun\shixun\frontend\node_modules\@esbuild\android-x64
251 silly reify mark deleted [ 'D:\\Shixun\\shixun\\frontend\\node_modules\\@esbuild\\android-x64' ]
252 verbose reify failed optional dependency D:\Shixun\shixun\frontend\node_modules\@esbuild\android-arm64
253 silly reify mark deleted [
253 silly reify   'D:\\Shixun\\shixun\\frontend\\node_modules\\@esbuild\\android-arm64'
253 silly reify ]
254 verbose reify failed optional dependency D:\Shixun\shixun\frontend\node_modules\@esbuild\android-arm
255 silly reify mark deleted [ 'D:\\Shixun\\shixun\\frontend\\node_modules\\@esbuild\\android-arm' ]
256 verbose reify failed optional dependency D:\Shixun\shixun\frontend\node_modules\@esbuild\aix-ppc64
257 silly reify mark deleted [ 'D:\\Shixun\\shixun\\frontend\\node_modules\\@esbuild\\aix-ppc64' ]
258 http cache camelcase@https://registry.npmjs.org/camelcase/-/camelcase-5.3.1.tgz 0ms (cache hit)
259 http cache ansi-styles@https://registry.npmjs.org/ansi-styles/-/ansi-styles-4.3.0.tgz 0ms (cache hit)
260 http cache color-name@https://registry.npmjs.org/color-name/-/color-name-1.1.4.tgz 0ms (cache hit)
261 http cache is-fullwidth-code-point@https://registry.npmjs.org/is-fullwidth-code-point/-/is-fullwidth-code-point-3.0.0.tgz 0ms (cache hit)
262 http cache color-convert@https://registry.npmjs.org/color-convert/-/color-convert-2.0.1.tgz 0ms (cache hit)
263 http cache ansi-regex@https://registry.npmjs.org/ansi-regex/-/ansi-regex-5.0.1.tgz 0ms (cache hit)
264 http cache p-try@https://registry.npmjs.org/p-try/-/p-try-2.2.0.tgz 0ms (cache hit)
265 http cache emoji-regex@https://registry.npmjs.org/emoji-regex/-/emoji-regex-8.0.0.tgz 0ms (cache hit)
266 http cache p-locate@https://registry.npmjs.org/p-locate/-/p-locate-4.1.0.tgz 0ms (cache hit)
267 http cache p-limit@https://registry.npmjs.org/p-limit/-/p-limit-2.3.0.tgz 0ms (cache hit)
268 http cache path-exists@https://registry.npmjs.org/path-exists/-/path-exists-4.0.0.tgz 0ms (cache hit)
269 http cache locate-path@https://registry.npmjs.org/locate-path/-/locate-path-5.0.0.tgz 0ms (cache hit)
270 http cache wrap-ansi@https://registry.npmjs.org/wrap-ansi/-/wrap-ansi-6.2.0.tgz 0ms (cache hit)
271 http cache yargs-parser@https://registry.npmjs.org/yargs-parser/-/yargs-parser-18.1.3.tgz 0ms (cache hit)
272 http cache which-module@https://registry.npmjs.org/which-module/-/which-module-2.0.1.tgz 0ms (cache hit)
273 http cache strip-ansi@https://registry.npmjs.org/strip-ansi/-/strip-ansi-6.0.1.tgz 0ms (cache hit)
274 http cache string-width@https://registry.npmjs.org/string-width/-/string-width-4.2.3.tgz 0ms (cache hit)
275 http cache y18n@https://registry.npmjs.org/y18n/-/y18n-4.0.3.tgz 0ms (cache hit)
276 http cache require-main-filename@https://registry.npmjs.org/require-main-filename/-/require-main-filename-2.0.0.tgz 0ms (cache hit)
277 http cache set-blocking@https://registry.npmjs.org/set-blocking/-/set-blocking-2.0.0.tgz 0ms (cache hit)
278 http cache get-caller-file@https://registry.npmjs.org/get-caller-file/-/get-caller-file-2.0.5.tgz 0ms (cache hit)
279 http cache find-up@https://registry.npmjs.org/find-up/-/find-up-4.1.0.tgz 0ms (cache hit)
280 http cache require-directory@https://registry.npmjs.org/require-directory/-/require-directory-2.1.1.tgz 0ms (cache hit)
281 http cache decamelize@https://registry.npmjs.org/decamelize/-/decamelize-1.2.0.tgz 0ms (cache hit)
282 http cache cliui@https://registry.npmjs.org/cliui/-/cliui-6.0.0.tgz 0ms (cache hit)
283 http cache yargs@https://registry.npmjs.org/yargs/-/yargs-15.4.1.tgz 0ms (cache hit)
284 http cache pngjs@https://registry.npmjs.org/pngjs/-/pngjs-5.0.0.tgz 0ms (cache hit)
285 http cache qrcode@https://registry.npmjs.org/qrcode/-/qrcode-1.5.4.tgz 0ms (cache hit)
286 silly tarball no local data for camelcase@https://registry.npmjs.org/camelcase/-/camelcase-5.3.1.tgz. Extracting by manifest.
287 http cache dijkstrajs@https://registry.npmjs.org/dijkstrajs/-/dijkstrajs-1.0.3.tgz 0ms (cache hit)
288 silly tarball no local data for ansi-styles@https://registry.npmjs.org/ansi-styles/-/ansi-styles-4.3.0.tgz. Extracting by manifest.
289 silly tarball no local data for is-fullwidth-code-point@https://registry.npmjs.org/is-fullwidth-code-point/-/is-fullwidth-code-point-3.0.0.tgz. Extracting by manifest.
290 silly tarball no local data for color-name@https://registry.npmjs.org/color-name/-/color-name-1.1.4.tgz. Extracting by manifest.
291 silly tarball no local data for ansi-regex@https://registry.npmjs.org/ansi-regex/-/ansi-regex-5.0.1.tgz. Extracting by manifest.
292 silly tarball no local data for color-convert@https://registry.npmjs.org/color-convert/-/color-convert-2.0.1.tgz. Extracting by manifest.
293 silly tarball no local data for emoji-regex@https://registry.npmjs.org/emoji-regex/-/emoji-regex-8.0.0.tgz. Extracting by manifest.
294 silly tarball no local data for p-try@https://registry.npmjs.org/p-try/-/p-try-2.2.0.tgz. Extracting by manifest.
295 silly tarball no local data for p-locate@https://registry.npmjs.org/p-locate/-/p-locate-4.1.0.tgz. Extracting by manifest.
296 silly tarball no local data for p-limit@https://registry.npmjs.org/p-limit/-/p-limit-2.3.0.tgz. Extracting by manifest.
297 silly tarball no local data for path-exists@https://registry.npmjs.org/path-exists/-/path-exists-4.0.0.tgz. Extracting by manifest.
298 silly tarball no local data for locate-path@https://registry.npmjs.org/locate-path/-/locate-path-5.0.0.tgz. Extracting by manifest.
299 silly tarball no local data for yargs-parser@https://registry.npmjs.org/yargs-parser/-/yargs-parser-18.1.3.tgz. Extracting by manifest.
300 silly tarball no local data for which-module@https://registry.npmjs.org/which-module/-/which-module-2.0.1.tgz. Extracting by manifest.
301 silly tarball no local data for wrap-ansi@https://registry.npmjs.org/wrap-ansi/-/wrap-ansi-6.2.0.tgz. Extracting by manifest.
302 silly tarball no local data for strip-ansi@https://registry.npmjs.org/strip-ansi/-/strip-ansi-6.0.1.tgz. Extracting by manifest.
303 silly tarball no local data for string-width@https://registry.npmjs.org/string-width/-/string-width-4.2.3.tgz. Extracting by manifest.
304 silly tarball no local data for y18n@https://registry.npmjs.org/y18n/-/y18n-4.0.3.tgz. Extracting by manifest.
305 silly tarball no local data for require-main-filename@https://registry.npmjs.org/require-main-filename/-/require-main-filename-2.0.0.tgz. Extracting by manifest.
306 silly tarball no local data for set-blocking@https://registry.npmjs.org/set-blocking/-/set-blocking-2.0.0.tgz. Extracting by manifest.
307 silly tarball no local data for get-caller-file@https://registry.npmjs.org/get-caller-file/-/get-caller-file-2.0.5.tgz. Extracting by manifest.
308 silly tarball no local data for find-up@https://registry.npmjs.org/find-up/-/find-up-4.1.0.tgz. Extracting by manifest.
309 silly tarball no local data for require-directory@https://registry.npmjs.org/require-directory/-/require-directory-2.1.1.tgz. Extracting by manifest.
310 silly tarball no local data for decamelize@https://registry.npmjs.org/decamelize/-/decamelize-1.2.0.tgz. Extracting by manifest.
311 silly tarball no local data for cliui@https://registry.npmjs.org/cliui/-/cliui-6.0.0.tgz. Extracting by manifest.
312 silly tarball no local data for yargs@https://registry.npmjs.org/yargs/-/yargs-15.4.1.tgz. Extracting by manifest.
313 silly tarball no local data for pngjs@https://registry.npmjs.org/pngjs/-/pngjs-5.0.0.tgz. Extracting by manifest.
314 silly tarball no local data for qrcode@https://registry.npmjs.org/qrcode/-/qrcode-1.5.4.tgz. Extracting by manifest.
315 silly tarball no local data for dijkstrajs@https://registry.npmjs.org/dijkstrajs/-/dijkstrajs-1.0.3.tgz. Extracting by manifest.
316 http fetch GET 200 https://registry.npmjs.org/color-name/-/color-name-1.1.4.tgz 210ms (cache miss)
317 http fetch GET 200 https://registry.npmjs.org/camelcase/-/camelcase-5.3.1.tgz 212ms (cache miss)
318 http fetch GET 200 https://registry.npmjs.org/emoji-regex/-/emoji-regex-8.0.0.tgz 226ms (cache miss)
319 http fetch GET 200 https://registry.npmjs.org/p-try/-/p-try-2.2.0.tgz 249ms (cache miss)
320 http fetch GET 200 https://registry.npmjs.org/p-locate/-/p-locate-4.1.0.tgz 252ms (cache miss)
321 http fetch GET 200 https://registry.npmjs.org/ansi-styles/-/ansi-styles-4.3.0.tgz 267ms (cache miss)
322 http fetch GET 200 https://registry.npmjs.org/ansi-regex/-/ansi-regex-5.0.1.tgz 347ms (cache miss)
323 http fetch GET 200 https://registry.npmjs.org/strip-ansi/-/strip-ansi-6.0.1.tgz 397ms (cache miss)
324 http fetch GET 200 https://registry.npmjs.org/is-fullwidth-code-point/-/is-fullwidth-code-point-3.0.0.tgz 423ms (cache miss)
325 http fetch GET 200 https://registry.npmjs.org/string-width/-/string-width-4.2.3.tgz 424ms (cache miss)
326 http fetch GET 200 https://registry.npmjs.org/color-convert/-/color-convert-2.0.1.tgz 437ms (cache miss)
327 http fetch GET 200 https://registry.npmjs.org/require-main-filename/-/require-main-filename-2.0.0.tgz 508ms (cache miss)
328 http fetch GET 200 https://registry.npmjs.org/set-blocking/-/set-blocking-2.0.0.tgz 534ms (cache miss)
329 http fetch GET 200 https://registry.npmjs.org/find-up/-/find-up-4.1.0.tgz 593ms (cache miss)
330 http fetch GET 200 https://registry.npmjs.org/decamelize/-/decamelize-1.2.0.tgz 626ms (cache miss)
331 http fetch GET 200 https://registry.npmjs.org/p-limit/-/p-limit-2.3.0.tgz 656ms (cache miss)
332 http fetch GET 200 https://registry.npmjs.org/get-caller-file/-/get-caller-file-2.0.5.tgz 664ms (cache miss)
333 http fetch GET 200 https://registry.npmjs.org/y18n/-/y18n-4.0.3.tgz 723ms (cache miss)
334 http fetch GET 200 https://registry.npmjs.org/dijkstrajs/-/dijkstrajs-1.0.3.tgz 832ms (cache miss)
335 http fetch GET 200 https://registry.npmjs.org/cliui/-/cliui-6.0.0.tgz 855ms (cache miss)
336 http fetch POST 200 https://registry.npmjs.org/-/npm/v1/security/advisories/bulk 972ms
337 silly audit report {
337 silly audit report   esbuild: [
337 silly audit report     {
337 silly audit report       id: 1102341,
337 silly audit report       url: 'https://github.com/advisories/GHSA-67mh-4wv8-2f99',
337 silly audit report       title: 'esbuild enables any website to send any requests to the development server and read the response',
337 silly audit report       severity: 'moderate',
337 silly audit report       vulnerable_versions: '<=0.24.2',
337 silly audit report       cwe: [Array],
337 silly audit report       cvss: [Object]
337 silly audit report     }
337 silly audit report   ],
337 silly audit report   vite: [
337 silly audit report     {
337 silly audit report       id: 1120784,
337 silly audit report       url: 'https://github.com/advisories/GHSA-v6wh-96g9-6wx3',
337 silly audit report       title: 'launch-editor: NTLMv2 hash disclosure via UNC path handling on Windows',
337 silly audit report       severity: 'moderate',
337 silly audit report       vulnerable_versions: '<=6.4.2',
337 silly audit report       cwe: [Array],
337 silly audit report       cvss: [Object]
337 silly audit report     },
337 silly audit report     {
337 silly audit report       id: 1120789,
337 silly audit report       url: 'https://github.com/advisories/GHSA-fx2h-pf6j-xcff',
337 silly audit report       title: 'vite: `server.fs.deny` bypass on Windows alternate paths',
337 silly audit report       severity: 'high',
337 silly audit report       vulnerable_versions: '<=6.4.2',
337 silly audit report       cwe: [Array],
337 silly audit report       cvss: [Object]
337 silly audit report     },
337 silly audit report     {
337 silly audit report       id: 1116229,
337 silly audit report       url: 'https://github.com/advisories/GHSA-4w7w-66w2-5vf9',
337 silly audit report       title: 'Vite Vulnerable to Path Traversal in Optimized Deps `.map` Handling',
337 silly audit report       severity: 'moderate',
337 silly audit report       vulnerable_versions: '<=6.4.1',
337 silly audit report       cwe: [Array],
337 silly audit report       cvss: [Object]
337 silly audit report     }
337 silly audit report   ]
337 silly audit report }
338 silly packumentCache corgi:https://registry.npmjs.org/esbuild cache-miss
339 silly packumentCache corgi:https://registry.npmjs.org/vite cache-miss
340 http fetch GET 200 https://registry.npmjs.org/qrcode/-/qrcode-1.5.4.tgz 1034ms (cache miss)
341 http fetch GET 200 https://registry.npmjs.org/yargs/-/yargs-15.4.1.tgz 1104ms (cache miss)
342 http fetch GET 200 https://registry.npmjs.org/require-directory/-/require-directory-2.1.1.tgz 1250ms (cache miss)
343 http fetch GET 200 https://registry.npmjs.org/which-module/-/which-module-2.0.1.tgz 2241ms (cache miss)
344 http fetch GET 200 https://registry.npmjs.org/wrap-ansi/-/wrap-ansi-6.2.0.tgz 2243ms (cache miss)
345 http fetch GET 200 https://registry.npmjs.org/path-exists/-/path-exists-4.0.0.tgz 2245ms (cache miss)
346 http fetch GET 200 https://registry.npmjs.org/yargs-parser/-/yargs-parser-18.1.3.tgz 2246ms (cache miss)
347 http fetch GET 200 https://registry.npmjs.org/pngjs/-/pngjs-5.0.0.tgz 2246ms (cache miss)
348 http fetch GET 200 https://registry.npmjs.org/esbuild 1363ms (cache miss)
349 silly packumentCache corgi:https://registry.npmjs.org/esbuild set size:undefined disposed:false
350 http fetch GET 200 https://registry.npmjs.org/locate-path/-/locate-path-5.0.0.tgz 5670ms (cache miss)
351 http fetch GET 200 https://registry.npmjs.org/vite 5109ms (cache miss)
352 silly packumentCache corgi:https://registry.npmjs.org/vite set size:undefined disposed:false
353 silly packumentCache corgi:https://registry.npmjs.org/@vitejs%2fplugin-vue cache-miss
354 http fetch GET 200 https://registry.npmjs.org/@vitejs%2fplugin-vue 539ms (cache miss)
355 silly packumentCache corgi:https://registry.npmjs.org/@vitejs%2fplugin-vue set size:undefined disposed:false
356 silly ADD node_modules/camelcase
357 silly ADD node_modules/color-name
358 silly ADD node_modules/color-convert
359 silly ADD node_modules/ansi-styles
360 silly ADD node_modules/ansi-regex
361 silly ADD node_modules/is-fullwidth-code-point
362 silly ADD node_modules/emoji-regex
363 silly ADD node_modules/p-try
364 silly ADD node_modules/p-limit
365 silly ADD node_modules/p-locate
366 silly ADD node_modules/path-exists
367 silly ADD node_modules/locate-path
368 silly ADD node_modules/wrap-ansi
369 silly ADD node_modules/strip-ansi
370 silly ADD node_modules/yargs-parser
371 silly ADD node_modules/y18n
372 silly ADD node_modules/which-module
373 silly ADD node_modules/string-width
374 silly ADD node_modules/set-blocking
375 silly ADD node_modules/require-main-filename
376 silly ADD node_modules/require-directory
377 silly ADD node_modules/get-caller-file
378 silly ADD node_modules/find-up
379 silly ADD node_modules/decamelize
380 silly ADD node_modules/cliui
381 silly ADD node_modules/yargs
382 silly ADD node_modules/pngjs
383 silly ADD node_modules/dijkstrajs
384 silly ADD node_modules/qrcode
385 silly ADD
386 silly ADD
387 silly ADD
388 silly ADD
389 silly ADD
390 silly ADD
391 silly ADD
392 silly ADD
393 silly ADD
394 silly ADD
395 silly ADD
396 silly ADD
397 silly ADD
398 silly ADD
399 silly ADD
400 silly ADD
401 silly ADD
402 silly ADD
403 silly ADD
404 silly ADD
405 silly ADD
406 silly ADD
407 silly ADD
408 silly ADD
409 silly ADD
410 silly ADD
411 silly ADD
412 silly ADD
413 silly ADD
414 silly ADD
415 silly ADD
416 silly ADD
417 silly ADD
418 silly ADD
419 silly ADD
420 silly ADD
421 silly ADD
422 silly ADD
423 silly ADD
424 silly ADD
425 silly ADD
426 silly ADD
427 silly ADD
428 silly ADD
429 silly ADD
430 silly ADD
431 verbose cwd D:\Shixun\shixun\frontend
432 verbose os Windows_NT 10.0.22631
433 verbose node v22.23.0
434 verbose npm  v10.9.8
435 verbose exit 0
436 info ok
