0 verbose cli D:\Develop\Nodejs\node.exe D:\Develop\Nodejs\node_modules\npm\bin\npm-cli.js
1 info using npm@10.9.8
2 info using node@v22.23.0
3 silly config load:file:D:\Develop\Nodejs\node_modules\npm\npmrc
4 silly config load:file:C:\Users\lenovo\AppData\Local\Microsoft\TypeScript\6.0\.npmrc
5 silly config load:file:C:\Users\lenovo\.npmrc
6 silly config load:file:D:\Develop\Nodejs\node_global\etc\npmrc
7 verbose title npm install types-registry@latest
8 verbose argv "install" "--ignore-scripts" "types-registry@latest"
9 verbose logfile logs-max:10 dir:D:\Shixun\shixun\frontend\.npm-cache\_logs\2026-07-14T06_35_40_219Z-
10 verbose logfile D:\Shixun\shixun\frontend\.npm-cache\_logs\2026-07-14T06_35_40_219Z-debug-0.log
11 silly logfile start cleaning logs, removing 1 files
12 silly packumentCache heap:4345298944 maxSize:1086324736 maxEntrySize:543162368
13 silly logfile done cleaning log files
14 silly packumentCache corgi:https://registry.npmjs.org/types-registry cache-miss
15 http fetch GET 200 https://registry.npmjs.org/types-registry 875ms (cache revalidated)
16 silly packumentCache corgi:https://registry.npmjs.org/types-registry set size:629002 disposed:false
17 silly idealTree buildDeps
18 silly fetch manifest types-registry@0.1.778
19 silly packumentCache full:https://registry.npmjs.org/types-registry cache-miss
20 http fetch GET 200 https://registry.npmjs.org/types-registry 225ms (cache revalidated)
21 silly packumentCache full:https://registry.npmjs.org/types-registry set size:1366783 disposed:false
22 silly placeDep ROOT types-registry@0.1.778 REPLACE for:  want: 0.1.778
23 silly reify moves {}
24 silly audit bulk request {
24 silly audit   '@types/node': [ '26.1.1' ],
24 silly audit   '@types/qrcode': [ '1.5.6' ],
24 silly audit   '@types/react': [ '19.2.17' ],
24 silly audit   csstype: [ '3.2.3' ],
24 silly audit   'undici-types': [ '8.3.0' ],
24 silly audit   'types-registry': [ '0.1.778' ]
24 silly audit }
25 http fetch POST 200 https://registry.npmjs.org/-/npm/v1/security/advisories/bulk 305ms
26 silly audit report {}
27 verbose cwd C:\Users\lenovo\AppData\Local\Microsoft\TypeScript\6.0
28 verbose os Windows_NT 10.0.22631
29 verbose node v22.23.0
30 verbose npm  v10.9.8
31 verbose exit 0
32 info ok
