0 verbose cli D:\Develop\Nodejs\node.exe D:\Develop\Nodejs\node_modules\npm\bin\npm-cli.js
1 info using npm@10.9.8
2 info using node@v22.23.0
3 silly config load:file:D:\Develop\Nodejs\node_modules\npm\npmrc
4 silly config load:file:D:\Shixun\shixun\frontend\.npmrc
5 silly config load:file:C:\Users\lenovo\.npmrc
6 silly config load:file:D:\Develop\Nodejs\node_global\etc\npmrc
7 verbose title npm install marked
8 verbose argv "install" "marked"
9 verbose logfile logs-max:10 dir:D:\Shixun\shixun\frontend\.npm-cache\_logs\2026-07-10T09_16_15_136Z-
10 verbose logfile D:\Shixun\shixun\frontend\.npm-cache\_logs\2026-07-10T09_16_15_136Z-debug-0.log
11 silly logfile done cleaning log files
12 silly packumentCache heap:4345298944 maxSize:1086324736 maxEntrySize:543162368
13 silly idealTree buildDeps
14 silly fetch manifest marked@*
15 silly packumentCache full:https://registry.npmjs.org/marked cache-miss
16 http fetch GET 200 https://registry.npmjs.org/marked 1959ms (cache miss)
17 silly packumentCache full:https://registry.npmjs.org/marked set size:undefined disposed:false
18 silly placeDep ROOT marked@18.0.6 OK for: vue-frontend@0.0.1 want: *
19 silly reify moves {}
20 silly audit bulk request {
20 silly audit   '@babel/helper-string-parser': [ '7.29.7' ],
20 silly audit   '@babel/helper-validator-identifier': [ '7.29.7' ],
20 silly audit   '@babel/parser': [ '7.29.7' ],
20 silly audit   '@babel/types': [ '7.29.7' ],
20 silly audit   '@esbuild/aix-ppc64': [ '0.21.5' ],
20 silly audit   '@esbuild/android-arm': [ '0.21.5' ],
20 silly audit   '@esbuild/android-arm64': [ '0.21.5' ],
20 silly audit   '@esbuild/android-x64': [ '0.21.5' ],
20 silly audit   '@esbuild/darwin-arm64': [ '0.21.5' ],
20 silly audit   '@esbuild/darwin-x64': [ '0.21.5' ],
20 silly audit   '@esbuild/freebsd-arm64': [ '0.21.5' ],
20 silly audit   '@esbuild/freebsd-x64': [ '0.21.5' ],
20 silly audit   '@esbuild/linux-arm': [ '0.21.5' ],
20 silly audit   '@esbuild/linux-arm64': [ '0.21.5' ],
20 silly audit   '@esbuild/linux-ia32': [ '0.21.5' ],
20 silly audit   '@esbuild/linux-loong64': [ '0.21.5' ],
20 silly audit   '@esbuild/linux-mips64el': [ '0.21.5' ],
20 silly audit   '@esbuild/linux-ppc64': [ '0.21.5' ],
20 silly audit   '@esbuild/linux-riscv64': [ '0.21.5' ],
20 silly audit   '@esbuild/linux-s390x': [ '0.21.5' ],
20 silly audit   '@esbuild/linux-x64': [ '0.21.5' ],
20 silly audit   '@esbuild/netbsd-x64': [ '0.21.5' ],
20 silly audit   '@esbuild/openbsd-x64': [ '0.21.5' ],
20 silly audit   '@esbuild/sunos-x64': [ '0.21.5' ],
20 silly audit   '@esbuild/win32-arm64': [ '0.21.5' ],
20 silly audit   '@esbuild/win32-ia32': [ '0.21.5' ],
20 silly audit   '@esbuild/win32-x64': [ '0.21.5' ],
20 silly audit   '@jridgewell/sourcemap-codec': [ '1.5.5' ],
20 silly audit   '@rollup/rollup-android-arm-eabi': [ '4.62.2' ],
20 silly audit   '@rollup/rollup-android-arm64': [ '4.62.2' ],
20 silly audit   '@rollup/rollup-darwin-arm64': [ '4.62.2' ],
20 silly audit   '@rollup/rollup-darwin-x64': [ '4.62.2' ],
20 silly audit   '@rollup/rollup-freebsd-arm64': [ '4.62.2' ],
20 silly audit   '@rollup/rollup-freebsd-x64': [ '4.62.2' ],
20 silly audit   '@rollup/rollup-linux-arm-gnueabihf': [ '4.62.2' ],
20 silly audit   '@rollup/rollup-linux-arm-musleabihf': [ '4.62.2' ],
20 silly audit   '@rollup/rollup-linux-arm64-gnu': [ '4.62.2' ],
20 silly audit   '@rollup/rollup-linux-arm64-musl': [ '4.62.2' ],
20 silly audit   '@rollup/rollup-linux-loong64-gnu': [ '4.62.2' ],
20 silly audit   '@rollup/rollup-linux-loong64-musl': [ '4.62.2' ],
20 silly audit   '@rollup/rollup-linux-ppc64-gnu': [ '4.62.2' ],
20 silly audit   '@rollup/rollup-linux-ppc64-musl': [ '4.62.2' ],
20 silly audit   '@rollup/rollup-linux-riscv64-gnu': [ '4.62.2' ],
20 silly audit   '@rollup/rollup-linux-riscv64-musl': [ '4.62.2' ],
20 silly audit   '@rollup/rollup-linux-s390x-gnu': [ '4.62.2' ],
20 silly audit   '@rollup/rollup-linux-x64-gnu': [ '4.62.2' ],
20 silly audit   '@rollup/rollup-linux-x64-musl': [ '4.62.2' ],
20 silly audit   '@rollup/rollup-openbsd-x64': [ '4.62.2' ],
20 silly audit   '@rollup/rollup-openharmony-arm64': [ '4.62.2' ],
20 silly audit   '@rollup/rollup-win32-arm64-msvc': [ '4.62.2' ],
20 silly audit   '@rollup/rollup-win32-ia32-msvc': [ '4.62.2' ],
20 silly audit   '@rollup/rollup-win32-x64-gnu': [ '4.62.2' ],
20 silly audit   '@rollup/rollup-win32-x64-msvc': [ '4.62.2' ],
20 silly audit   '@types/estree': [ '1.0.9' ],
20 silly audit   '@vitejs/plugin-vue': [ '5.2.4' ],
20 silly audit   '@vue/compiler-core': [ '3.5.39' ],
20 silly audit   '@vue/compiler-dom': [ '3.5.39' ],
20 silly audit   '@vue/compiler-sfc': [ '3.5.39' ],
20 silly audit   '@vue/compiler-ssr': [ '3.5.39' ],
20 silly audit   '@vue/reactivity': [ '3.5.39' ],
20 silly audit   '@vue/runtime-core': [ '3.5.39' ],
20 silly audit   '@vue/runtime-dom': [ '3.5.39' ],
20 silly audit   '@vue/server-renderer': [ '3.5.39' ],
20 silly audit   '@vue/shared': [ '3.5.39' ],
20 silly audit   'ansi-regex': [ '5.0.1' ],
20 silly audit   'ansi-styles': [ '4.3.0' ],
20 silly audit   camelcase: [ '5.3.1' ],
20 silly audit   cliui: [ '6.0.0' ],
20 silly audit   'color-convert': [ '2.0.1' ],
20 silly audit   'color-name': [ '1.1.4' ],
20 silly audit   csstype: [ '3.2.3' ],
20 silly audit   decamelize: [ '1.2.0' ],
20 silly audit   dijkstrajs: [ '1.0.3' ],
20 silly audit   'emoji-regex': [ '8.0.0' ],
20 silly audit   entities: [ '7.0.1' ],
20 silly audit   esbuild: [ '0.21.5' ],
20 silly audit   'estree-walker': [ '2.0.2' ],
20 silly audit   'find-up': [ '4.1.0' ],
20 silly audit   fsevents: [ '2.3.3' ],
20 silly audit   'get-caller-file': [ '2.0.5' ],
20 silly audit   'is-fullwidth-code-point': [ '3.0.0' ],
20 silly audit   'locate-path': [ '5.0.0' ],
20 silly audit   'magic-string': [ '0.30.21' ],
20 silly audit   nanoid: [ '3.3.15' ],
20 silly audit   'p-limit': [ '2.3.0' ],
20 silly audit   'p-locate': [ '4.1.0' ],
20 silly audit   'p-try': [ '2.2.0' ],
20 silly audit   'path-exists': [ '4.0.0' ],
20 silly audit   picocolors: [ '1.1.1' ],
20 silly audit   pngjs: [ '5.0.0' ],
20 silly audit   postcss: [ '8.5.16' ],
20 silly audit   qrcode: [ '1.5.4' ],
20 silly audit   'require-directory': [ '2.1.1' ],
20 silly audit   'require-main-filename': [ '2.0.0' ],
20 silly audit   rollup: [ '4.62.2' ],
20 silly audit   'set-blocking': [ '2.0.0' ],
20 silly audit   'source-map-js': [ '1.2.1' ],
20 silly audit   'string-width': [ '4.2.3' ],
20 silly audit   'strip-ansi': [ '6.0.1' ],
20 silly audit   vite: [ '5.4.21' ],
20 silly audit   vue: [ '3.5.39' ],
20 silly audit   'which-module': [ '2.0.1' ],
20 silly audit   'wrap-ansi': [ '6.2.0' ],
20 silly audit   y18n: [ '4.0.3' ],
20 silly audit   yargs: [ '15.4.1' ],
20 silly audit   'yargs-parser': [ '18.1.3' ],
20 silly audit   marked: [ '18.0.6' ]
20 silly audit }
21 verbose reify failed optional dependency D:\Shixun\shixun\frontend\node_modules\fsevents
22 silly reify mark deleted [ 'D:\\Shixun\\shixun\\frontend\\node_modules\\fsevents' ]
23 verbose reify failed optional dependency D:\Shixun\shixun\frontend\node_modules\@rollup\rollup-win32-ia32-msvc
24 silly reify mark deleted [
24 silly reify   'D:\\Shixun\\shixun\\frontend\\node_modules\\@rollup\\rollup-win32-ia32-msvc'
24 silly reify ]
25 verbose reify failed optional dependency D:\Shixun\shixun\frontend\node_modules\@rollup\rollup-win32-arm64-msvc
26 silly reify mark deleted [
26 silly reify   'D:\\Shixun\\shixun\\frontend\\node_modules\\@rollup\\rollup-win32-arm64-msvc'
26 silly reify ]
27 verbose reify failed optional dependency D:\Shixun\shixun\frontend\node_modules\@rollup\rollup-openharmony-arm64
28 silly reify mark deleted [
28 silly reify   'D:\\Shixun\\shixun\\frontend\\node_modules\\@rollup\\rollup-openharmony-arm64'
28 silly reify ]
29 verbose reify failed optional dependency D:\Shixun\shixun\frontend\node_modules\@rollup\rollup-openbsd-x64
30 silly reify mark deleted [
30 silly reify   'D:\\Shixun\\shixun\\frontend\\node_modules\\@rollup\\rollup-openbsd-x64'
30 silly reify ]
31 verbose reify failed optional dependency D:\Shixun\shixun\frontend\node_modules\@rollup\rollup-linux-x64-musl
32 silly reify mark deleted [
32 silly reify   'D:\\Shixun\\shixun\\frontend\\node_modules\\@rollup\\rollup-linux-x64-musl'
32 silly reify ]
33 verbose reify failed optional dependency D:\Shixun\shixun\frontend\node_modules\@rollup\rollup-linux-x64-gnu
34 silly reify mark deleted [
34 silly reify   'D:\\Shixun\\shixun\\frontend\\node_modules\\@rollup\\rollup-linux-x64-gnu'
34 silly reify ]
35 verbose reify failed optional dependency D:\Shixun\shixun\frontend\node_modules\@rollup\rollup-linux-s390x-gnu
36 silly reify mark deleted [
36 silly reify   'D:\\Shixun\\shixun\\frontend\\node_modules\\@rollup\\rollup-linux-s390x-gnu'
36 silly reify ]
37 verbose reify failed optional dependency D:\Shixun\shixun\frontend\node_modules\@rollup\rollup-linux-riscv64-musl
38 silly reify mark deleted [
38 silly reify   'D:\\Shixun\\shixun\\frontend\\node_modules\\@rollup\\rollup-linux-riscv64-musl'
38 silly reify ]
39 verbose reify failed optional dependency D:\Shixun\shixun\frontend\node_modules\@rollup\rollup-linux-riscv64-gnu
40 silly reify mark deleted [
40 silly reify   'D:\\Shixun\\shixun\\frontend\\node_modules\\@rollup\\rollup-linux-riscv64-gnu'
40 silly reify ]
41 verbose reify failed optional dependency D:\Shixun\shixun\frontend\node_modules\@rollup\rollup-linux-ppc64-musl
42 silly reify mark deleted [
42 silly reify   'D:\\Shixun\\shixun\\frontend\\node_modules\\@rollup\\rollup-linux-ppc64-musl'
42 silly reify ]
43 verbose reify failed optional dependency D:\Shixun\shixun\frontend\node_modules\@rollup\rollup-linux-ppc64-gnu
44 silly reify mark deleted [
44 silly reify   'D:\\Shixun\\shixun\\frontend\\node_modules\\@rollup\\rollup-linux-ppc64-gnu'
44 silly reify ]
45 verbose reify failed optional dependency D:\Shixun\shixun\frontend\node_modules\@rollup\rollup-linux-loong64-musl
46 silly reify mark deleted [
46 silly reify   'D:\\Shixun\\shixun\\frontend\\node_modules\\@rollup\\rollup-linux-loong64-musl'
46 silly reify ]
47 verbose reify failed optional dependency D:\Shixun\shixun\frontend\node_modules\@rollup\rollup-linux-loong64-gnu
48 silly reify mark deleted [
48 silly reify   'D:\\Shixun\\shixun\\frontend\\node_modules\\@rollup\\rollup-linux-loong64-gnu'
48 silly reify ]
49 verbose reify failed optional dependency D:\Shixun\shixun\frontend\node_modules\@rollup\rollup-linux-arm64-musl
50 silly reify mark deleted [
50 silly reify   'D:\\Shixun\\shixun\\frontend\\node_modules\\@rollup\\rollup-linux-arm64-musl'
50 silly reify ]
51 verbose reify failed optional dependency D:\Shixun\shixun\frontend\node_modules\@rollup\rollup-linux-arm64-gnu
52 silly reify mark deleted [
52 silly reify   'D:\\Shixun\\shixun\\frontend\\node_modules\\@rollup\\rollup-linux-arm64-gnu'
52 silly reify ]
53 verbose reify failed optional dependency D:\Shixun\shixun\frontend\node_modules\@rollup\rollup-linux-arm-musleabihf
54 silly reify mark deleted [
54 silly reify   'D:\\Shixun\\shixun\\frontend\\node_modules\\@rollup\\rollup-linux-arm-musleabihf'
54 silly reify ]
55 verbose reify failed optional dependency D:\Shixun\shixun\frontend\node_modules\@rollup\rollup-linux-arm-gnueabihf
56 silly reify mark deleted [
56 silly reify   'D:\\Shixun\\shixun\\frontend\\node_modules\\@rollup\\rollup-linux-arm-gnueabihf'
56 silly reify ]
57 verbose reify failed optional dependency D:\Shixun\shixun\frontend\node_modules\@rollup\rollup-freebsd-x64
58 silly reify mark deleted [
58 silly reify   'D:\\Shixun\\shixun\\frontend\\node_modules\\@rollup\\rollup-freebsd-x64'
58 silly reify ]
59 verbose reify failed optional dependency D:\Shixun\shixun\frontend\node_modules\@rollup\rollup-freebsd-arm64
60 silly reify mark deleted [
60 silly reify   'D:\\Shixun\\shixun\\frontend\\node_modules\\@rollup\\rollup-freebsd-arm64'
60 silly reify ]
61 verbose reify failed optional dependency D:\Shixun\shixun\frontend\node_modules\@rollup\rollup-darwin-x64
62 silly reify mark deleted [
62 silly reify   'D:\\Shixun\\shixun\\frontend\\node_modules\\@rollup\\rollup-darwin-x64'
62 silly reify ]
63 verbose reify failed optional dependency D:\Shixun\shixun\frontend\node_modules\@rollup\rollup-darwin-arm64
64 silly reify mark deleted [
64 silly reify   'D:\\Shixun\\shixun\\frontend\\node_modules\\@rollup\\rollup-darwin-arm64'
64 silly reify ]
65 verbose reify failed optional dependency D:\Shixun\shixun\frontend\node_modules\@rollup\rollup-android-arm64
66 silly reify mark deleted [
66 silly reify   'D:\\Shixun\\shixun\\frontend\\node_modules\\@rollup\\rollup-android-arm64'
66 silly reify ]
67 verbose reify failed optional dependency D:\Shixun\shixun\frontend\node_modules\@rollup\rollup-android-arm-eabi
68 silly reify mark deleted [
68 silly reify   'D:\\Shixun\\shixun\\frontend\\node_modules\\@rollup\\rollup-android-arm-eabi'
68 silly reify ]
69 verbose reify failed optional dependency D:\Shixun\shixun\frontend\node_modules\@esbuild\win32-ia32
70 silly reify mark deleted [ 'D:\\Shixun\\shixun\\frontend\\node_modules\\@esbuild\\win32-ia32' ]
71 verbose reify failed optional dependency D:\Shixun\shixun\frontend\node_modules\@esbuild\win32-arm64
72 silly reify mark deleted [ 'D:\\Shixun\\shixun\\frontend\\node_modules\\@esbuild\\win32-arm64' ]
73 verbose reify failed optional dependency D:\Shixun\shixun\frontend\node_modules\@esbuild\sunos-x64
74 silly reify mark deleted [ 'D:\\Shixun\\shixun\\frontend\\node_modules\\@esbuild\\sunos-x64' ]
75 verbose reify failed optional dependency D:\Shixun\shixun\frontend\node_modules\@esbuild\openbsd-x64
76 silly reify mark deleted [ 'D:\\Shixun\\shixun\\frontend\\node_modules\\@esbuild\\openbsd-x64' ]
77 verbose reify failed optional dependency D:\Shixun\shixun\frontend\node_modules\@esbuild\netbsd-x64
78 silly reify mark deleted [ 'D:\\Shixun\\shixun\\frontend\\node_modules\\@esbuild\\netbsd-x64' ]
79 verbose reify failed optional dependency D:\Shixun\shixun\frontend\node_modules\@esbuild\linux-x64
80 silly reify mark deleted [ 'D:\\Shixun\\shixun\\frontend\\node_modules\\@esbuild\\linux-x64' ]
81 verbose reify failed optional dependency D:\Shixun\shixun\frontend\node_modules\@esbuild\linux-s390x
82 silly reify mark deleted [ 'D:\\Shixun\\shixun\\frontend\\node_modules\\@esbuild\\linux-s390x' ]
83 verbose reify failed optional dependency D:\Shixun\shixun\frontend\node_modules\@esbuild\linux-riscv64
84 silly reify mark deleted [
84 silly reify   'D:\\Shixun\\shixun\\frontend\\node_modules\\@esbuild\\linux-riscv64'
84 silly reify ]
85 verbose reify failed optional dependency D:\Shixun\shixun\frontend\node_modules\@esbuild\linux-ppc64
86 silly reify mark deleted [ 'D:\\Shixun\\shixun\\frontend\\node_modules\\@esbuild\\linux-ppc64' ]
87 verbose reify failed optional dependency D:\Shixun\shixun\frontend\node_modules\@esbuild\linux-mips64el
88 silly reify mark deleted [
88 silly reify   'D:\\Shixun\\shixun\\frontend\\node_modules\\@esbuild\\linux-mips64el'
88 silly reify ]
89 verbose reify failed optional dependency D:\Shixun\shixun\frontend\node_modules\@esbuild\linux-loong64
90 silly reify mark deleted [
90 silly reify   'D:\\Shixun\\shixun\\frontend\\node_modules\\@esbuild\\linux-loong64'
90 silly reify ]
91 verbose reify failed optional dependency D:\Shixun\shixun\frontend\node_modules\@esbuild\linux-ia32
92 silly reify mark deleted [ 'D:\\Shixun\\shixun\\frontend\\node_modules\\@esbuild\\linux-ia32' ]
93 verbose reify failed optional dependency D:\Shixun\shixun\frontend\node_modules\@esbuild\linux-arm64
94 silly reify mark deleted [ 'D:\\Shixun\\shixun\\frontend\\node_modules\\@esbuild\\linux-arm64' ]
95 verbose reify failed optional dependency D:\Shixun\shixun\frontend\node_modules\@esbuild\linux-arm
96 silly reify mark deleted [ 'D:\\Shixun\\shixun\\frontend\\node_modules\\@esbuild\\linux-arm' ]
97 verbose reify failed optional dependency D:\Shixun\shixun\frontend\node_modules\@esbuild\freebsd-x64
98 silly reify mark deleted [ 'D:\\Shixun\\shixun\\frontend\\node_modules\\@esbuild\\freebsd-x64' ]
99 verbose reify failed optional dependency D:\Shixun\shixun\frontend\node_modules\@esbuild\freebsd-arm64
100 silly reify mark deleted [
100 silly reify   'D:\\Shixun\\shixun\\frontend\\node_modules\\@esbuild\\freebsd-arm64'
100 silly reify ]
101 verbose reify failed optional dependency D:\Shixun\shixun\frontend\node_modules\@esbuild\darwin-x64
102 silly reify mark deleted [ 'D:\\Shixun\\shixun\\frontend\\node_modules\\@esbuild\\darwin-x64' ]
103 verbose reify failed optional dependency D:\Shixun\shixun\frontend\node_modules\@esbuild\darwin-arm64
104 silly reify mark deleted [
104 silly reify   'D:\\Shixun\\shixun\\frontend\\node_modules\\@esbuild\\darwin-arm64'
104 silly reify ]
105 verbose reify failed optional dependency D:\Shixun\shixun\frontend\node_modules\@esbuild\android-x64
106 silly reify mark deleted [ 'D:\\Shixun\\shixun\\frontend\\node_modules\\@esbuild\\android-x64' ]
107 verbose reify failed optional dependency D:\Shixun\shixun\frontend\node_modules\@esbuild\android-arm64
108 silly reify mark deleted [
108 silly reify   'D:\\Shixun\\shixun\\frontend\\node_modules\\@esbuild\\android-arm64'
108 silly reify ]
109 verbose reify failed optional dependency D:\Shixun\shixun\frontend\node_modules\@esbuild\android-arm
110 silly reify mark deleted [ 'D:\\Shixun\\shixun\\frontend\\node_modules\\@esbuild\\android-arm' ]
111 verbose reify failed optional dependency D:\Shixun\shixun\frontend\node_modules\@esbuild\aix-ppc64
112 silly reify mark deleted [ 'D:\\Shixun\\shixun\\frontend\\node_modules\\@esbuild\\aix-ppc64' ]
113 http cache marked@https://registry.npmjs.org/marked/-/marked-18.0.6.tgz 0ms (cache hit)
114 silly tarball no local data for marked@https://registry.npmjs.org/marked/-/marked-18.0.6.tgz. Extracting by manifest.
115 http fetch POST 200 https://registry.npmjs.org/-/npm/v1/security/advisories/bulk 243ms
116 silly audit report {
116 silly audit report   esbuild: [
116 silly audit report     {
116 silly audit report       id: 1102341,
116 silly audit report       url: 'https://github.com/advisories/GHSA-67mh-4wv8-2f99',
116 silly audit report       title: 'esbuild enables any website to send any requests to the development server and read the response',
116 silly audit report       severity: 'moderate',
116 silly audit report       vulnerable_versions: '<=0.24.2',
116 silly audit report       cwe: [Array],
116 silly audit report       cvss: [Object]
116 silly audit report     }
116 silly audit report   ],
116 silly audit report   vite: [
116 silly audit report     {
116 silly audit report       id: 1120784,
116 silly audit report       url: 'https://github.com/advisories/GHSA-v6wh-96g9-6wx3',
116 silly audit report       title: 'launch-editor: NTLMv2 hash disclosure via UNC path handling on Windows',
116 silly audit report       severity: 'moderate',
116 silly audit report       vulnerable_versions: '<=6.4.2',
116 silly audit report       cwe: [Array],
116 silly audit report       cvss: [Object]
116 silly audit report     },
116 silly audit report     {
116 silly audit report       id: 1120789,
116 silly audit report       url: 'https://github.com/advisories/GHSA-fx2h-pf6j-xcff',
116 silly audit report       title: 'vite: `server.fs.deny` bypass on Windows alternate paths',
116 silly audit report       severity: 'high',
116 silly audit report       vulnerable_versions: '<=6.4.2',
116 silly audit report       cwe: [Array],
116 silly audit report       cvss: [Object]
116 silly audit report     },
116 silly audit report     {
116 silly audit report       id: 1116229,
116 silly audit report       url: 'https://github.com/advisories/GHSA-4w7w-66w2-5vf9',
116 silly audit report       title: 'Vite Vulnerable to Path Traversal in Optimized Deps `.map` Handling',
116 silly audit report       severity: 'moderate',
116 silly audit report       vulnerable_versions: '<=6.4.1',
116 silly audit report       cwe: [Array],
116 silly audit report       cvss: [Object]
116 silly audit report     }
116 silly audit report   ]
116 silly audit report }
117 silly packumentCache corgi:https://registry.npmjs.org/esbuild cache-miss
118 silly packumentCache corgi:https://registry.npmjs.org/vite cache-miss
119 http fetch GET 200 https://registry.npmjs.org/vite 212ms (cache revalidated)
120 silly packumentCache corgi:https://registry.npmjs.org/vite set size:2282641 disposed:false
121 http fetch GET 200 https://registry.npmjs.org/esbuild 1723ms (cache revalidated)
122 silly packumentCache corgi:https://registry.npmjs.org/esbuild set size:887361 disposed:false
123 silly packumentCache corgi:https://registry.npmjs.org/@vitejs%2fplugin-vue cache-miss
124 http fetch GET 200 https://registry.npmjs.org/@vitejs%2fplugin-vue 226ms (cache revalidated)
125 silly packumentCache corgi:https://registry.npmjs.org/@vitejs%2fplugin-vue set size:173841 disposed:false
126 http fetch GET 200 https://registry.npmjs.org/marked/-/marked-18.0.6.tgz 3088ms (cache miss)
127 silly ADD node_modules/marked
128 silly ADD
129 silly ADD
130 silly ADD
131 silly ADD
132 silly ADD
133 silly ADD
134 silly ADD
135 silly ADD
136 silly ADD
137 silly ADD
138 silly ADD
139 silly ADD
140 silly ADD
141 silly ADD
142 silly ADD
143 silly ADD
144 silly ADD
145 silly ADD
146 silly ADD
147 silly ADD
148 silly ADD
149 silly ADD
150 silly ADD
151 silly ADD
152 silly ADD
153 silly ADD
154 silly ADD
155 silly ADD
156 silly ADD
157 silly ADD
158 silly ADD
159 silly ADD
160 silly ADD
161 silly ADD
162 silly ADD
163 silly ADD
164 silly ADD
165 silly ADD
166 silly ADD
167 silly ADD
168 silly ADD
169 silly ADD
170 silly ADD
171 silly ADD
172 silly ADD
173 silly ADD
174 verbose cwd D:\Shixun\shixun\frontend
175 verbose os Windows_NT 10.0.22631
176 verbose node v22.23.0
177 verbose npm  v10.9.8
178 verbose exit 0
179 info ok
