0 verbose cli D:\Develop\Nodejs\node.exe D:\Develop\Nodejs\node_modules\npm\bin\npm-cli.js
1 info using npm@10.9.8
2 info using node@v22.23.0
3 silly config load:file:D:\Develop\Nodejs\node_modules\npm\npmrc
4 silly config load:file:C:\Users\lenovo\AppData\Local\Microsoft\TypeScript\6.0\.npmrc
5 silly config load:file:C:\Users\lenovo\.npmrc
6 silly config load:file:D:\Develop\Nodejs\node_global\etc\npmrc
7 verbose title npm install @types/qrcode@ts6.0
8 verbose argv "install" "--ignore-scripts" "@types/qrcode@ts6.0" "--save-dev" "--user-agent" "typesInstaller/6.0.3"
9 verbose logfile logs-max:10 dir:D:\Shixun\shixun\frontend\.npm-cache\_logs\2026-07-10T07_55_55_528Z-
10 verbose logfile D:\Shixun\shixun\frontend\.npm-cache\_logs\2026-07-10T07_55_55_528Z-debug-0.log
11 silly logfile done cleaning log files
12 silly packumentCache heap:4345298944 maxSize:1086324736 maxEntrySize:543162368
13 silly packumentCache corgi:https://registry.npmjs.org/@types%2fqrcode cache-miss
14 http fetch GET 200 https://registry.npmjs.org/@types%2fqrcode 1185ms (cache miss)
15 silly packumentCache corgi:https://registry.npmjs.org/@types%2fqrcode set size:undefined disposed:false
16 silly idealTree buildDeps
17 silly fetch manifest @types/qrcode@1.5.6
18 silly packumentCache full:https://registry.npmjs.org/@types%2fqrcode cache-miss
19 http fetch GET 200 https://registry.npmjs.org/@types%2fqrcode 257ms (cache miss)
20 silly packumentCache full:https://registry.npmjs.org/@types%2fqrcode set size:undefined disposed:false
21 silly placeDep ROOT @types/qrcode@1.5.6 OK for:  want: 1.5.6
22 silly fetch manifest @types/node@*
23 silly packumentCache full:https://registry.npmjs.org/@types%2fnode cache-miss
24 http fetch GET 200 https://registry.npmjs.org/@types%2fnode 4142ms (cache miss)
25 silly packumentCache full:https://registry.npmjs.org/@types%2fnode set size:undefined disposed:false
26 silly placeDep ROOT @types/node@26.1.1 OK for: @types/qrcode@1.5.6 want: *
27 silly fetch manifest undici-types@~8.3.0
28 silly packumentCache full:https://registry.npmjs.org/undici-types cache-miss
29 http fetch GET 200 https://registry.npmjs.org/undici-types 420ms (cache miss)
30 silly packumentCache full:https://registry.npmjs.org/undici-types set size:undefined disposed:false
31 silly placeDep ROOT undici-types@8.3.0 OK for: @types/node@26.1.1 want: ~8.3.0
32 silly reify moves {}
33 silly audit bulk request {
33 silly audit   '@types/react': [ '19.2.14' ],
33 silly audit   csstype: [ '3.2.3' ],
33 silly audit   'types-registry': [ '0.1.769' ],
33 silly audit   '@types/qrcode': [ '1.5.6' ],
33 silly audit   '@types/node': [ '26.1.1' ],
33 silly audit   'undici-types': [ '8.3.0' ]
33 silly audit }
34 http cache undici-types@https://registry.npmjs.org/undici-types/-/undici-types-8.3.0.tgz 0ms (cache hit)
35 http cache @types/node@https://registry.npmjs.org/@types/node/-/node-26.1.1.tgz 0ms (cache hit)
36 http cache @types/qrcode@https://registry.npmjs.org/@types/qrcode/-/qrcode-1.5.6.tgz 0ms (cache hit)
37 silly tarball no local data for undici-types@https://registry.npmjs.org/undici-types/-/undici-types-8.3.0.tgz. Extracting by manifest.
38 silly tarball no local data for @types/node@https://registry.npmjs.org/@types/node/-/node-26.1.1.tgz. Extracting by manifest.
39 silly tarball no local data for @types/qrcode@https://registry.npmjs.org/@types/qrcode/-/qrcode-1.5.6.tgz. Extracting by manifest.
40 http fetch POST 200 https://registry.npmjs.org/-/npm/v1/security/advisories/bulk 244ms
41 silly audit report {}
42 http fetch GET 200 https://registry.npmjs.org/undici-types/-/undici-types-8.3.0.tgz 1063ms (cache miss)
43 http fetch GET 200 https://registry.npmjs.org/@types/qrcode/-/qrcode-1.5.6.tgz 1918ms (cache miss)
44 http fetch GET 200 https://registry.npmjs.org/@types/node/-/node-26.1.1.tgz 3202ms (cache miss)
45 silly ADD node_modules/undici-types
46 silly ADD node_modules/@types/node
47 silly ADD node_modules/@types/qrcode
48 verbose cwd C:\Users\lenovo\AppData\Local\Microsoft\TypeScript\6.0
49 verbose os Windows_NT 10.0.22631
50 verbose node v22.23.0
51 verbose npm  v10.9.8
52 verbose exit 0
53 info ok
